;  LST file generated by mikroListExporter - v.2.0 
; Date/Time: 15/03/2023 5:28:08 p. m.
;----------------------------------------------

;Address Opcode 	ASM
0x0000	0x2C17      	GOTO       1047
_Delay_50us:
;__Lib_Delays.c,19 :: 		void Delay_50us() {
;__Lib_Delays.c,20 :: 		Delay_us(50);
0x0003	0x3010      	MOVLW      16
0x0004	0x1283      	BCF        STATUS, 5
0x0005	0x1303      	BCF        STATUS, 6
0x0006	0x00FD      	MOVWF      R13
L_Delay_50us2:
0x0007	0x0BFD      	DECFSZ     R13, 1
0x0008	0x2807      	GOTO       L_Delay_50us2
0x0009	0x0000      	NOP
;__Lib_Delays.c,21 :: 		}
L_end_Delay_50us:
0x000A	0x0008      	RETURN
; end of _Delay_50us
_Delay_1us:
;__Lib_Delays.c,7 :: 		void Delay_1us() {
;__Lib_Delays.c,8 :: 		Delay_us(1);
0x000B	0x0000      	NOP
;__Lib_Delays.c,9 :: 		}
L_end_Delay_1us:
0x000C	0x0008      	RETURN
; end of _Delay_1us
_Delay_5500us:
;__Lib_Delays.c,31 :: 		void Delay_5500us() {
;__Lib_Delays.c,32 :: 		Delay_us(5500);
0x000D	0x3008      	MOVLW      8
0x000E	0x1283      	BCF        STATUS, 5
0x000F	0x1303      	BCF        STATUS, 6
0x0010	0x00FC      	MOVWF      R12
0x0011	0x3023      	MOVLW      35
0x0012	0x00FD      	MOVWF      R13
L_Delay_5500us5:
0x0013	0x0BFD      	DECFSZ     R13, 1
0x0014	0x2813      	GOTO       L_Delay_5500us5
0x0015	0x0BFC      	DECFSZ     R12, 1
0x0016	0x2813      	GOTO       L_Delay_5500us5
;__Lib_Delays.c,33 :: 		}
L_end_Delay_5500us:
0x0017	0x0008      	RETURN
; end of _Delay_5500us
_Lcd_Cmd:
;__Lib_Lcd.c,18 :: 		
;__Lib_Lcd.c,20 :: 		
0x0018	0x1683      	BSF        STATUS, 5
0x0019	0x1303      	BCF        STATUS, 6
0x001A	0x1BE1      	BTFSC      FARG_Lcd_Cmd_out_char, 7
0x001B	0x281F      	GOTO       L__Lcd_Cmd21
0x001C	0x1283      	BCF        STATUS, 5
0x001D	0x1186      	BCF        LCD_D7, BitPos(LCD_D7+0)
0x001E	0x2821      	GOTO       L__Lcd_Cmd22
L__Lcd_Cmd21:
0x001F	0x1283      	BCF        STATUS, 5
0x0020	0x1586      	BSF        LCD_D7, BitPos(LCD_D7+0)
L__Lcd_Cmd22:
;__Lib_Lcd.c,21 :: 		
0x0021	0x1683      	BSF        STATUS, 5
0x0022	0x1B61      	BTFSC      FARG_Lcd_Cmd_out_char, 6
0x0023	0x2827      	GOTO       L__Lcd_Cmd23
0x0024	0x1283      	BCF        STATUS, 5
0x0025	0x1106      	BCF        LCD_D6, BitPos(LCD_D6+0)
0x0026	0x2829      	GOTO       L__Lcd_Cmd24
L__Lcd_Cmd23:
0x0027	0x1283      	BCF        STATUS, 5
0x0028	0x1506      	BSF        LCD_D6, BitPos(LCD_D6+0)
L__Lcd_Cmd24:
;__Lib_Lcd.c,22 :: 		
0x0029	0x1683      	BSF        STATUS, 5
0x002A	0x1AE1      	BTFSC      FARG_Lcd_Cmd_out_char, 5
0x002B	0x282F      	GOTO       L__Lcd_Cmd25
0x002C	0x1283      	BCF        STATUS, 5
0x002D	0x1086      	BCF        LCD_D5, BitPos(LCD_D5+0)
0x002E	0x2831      	GOTO       L__Lcd_Cmd26
L__Lcd_Cmd25:
0x002F	0x1283      	BCF        STATUS, 5
0x0030	0x1486      	BSF        LCD_D5, BitPos(LCD_D5+0)
L__Lcd_Cmd26:
;__Lib_Lcd.c,23 :: 		
0x0031	0x1683      	BSF        STATUS, 5
0x0032	0x1A61      	BTFSC      FARG_Lcd_Cmd_out_char, 4
0x0033	0x2837      	GOTO       L__Lcd_Cmd27
0x0034	0x1283      	BCF        STATUS, 5
0x0035	0x1006      	BCF        LCD_D4, BitPos(LCD_D4+0)
0x0036	0x2839      	GOTO       L__Lcd_Cmd28
L__Lcd_Cmd27:
0x0037	0x1283      	BCF        STATUS, 5
0x0038	0x1406      	BSF        LCD_D4, BitPos(LCD_D4+0)
L__Lcd_Cmd28:
;__Lib_Lcd.c,25 :: 		
0x0039	0x1683      	BSF        STATUS, 5
0x003A	0x1848      	BTFSC      __Lib_Lcd_cmd_status, BitPos(__Lib_Lcd_cmd_status+0)
0x003B	0x283F      	GOTO       L__Lcd_Cmd29
0x003C	0x1283      	BCF        STATUS, 5
0x003D	0x1606      	BSF        LCD_RS, BitPos(LCD_RS+0)
0x003E	0x2841      	GOTO       L__Lcd_Cmd30
L__Lcd_Cmd29:
0x003F	0x1283      	BCF        STATUS, 5
0x0040	0x1206      	BCF        LCD_RS, BitPos(LCD_RS+0)
L__Lcd_Cmd30:
;__Lib_Lcd.c,28 :: 		
0x0041	0x1686      	BSF        LCD_EN, BitPos(LCD_EN+0)
;__Lib_Lcd.c,29 :: 		
0x0042	0x200B      	CALL       _Delay_1us
;__Lib_Lcd.c,30 :: 		
0x0043	0x1286      	BCF        LCD_EN, BitPos(LCD_EN+0)
;__Lib_Lcd.c,33 :: 		
0x0044	0x1683      	BSF        STATUS, 5
0x0045	0x19E1      	BTFSC      FARG_Lcd_Cmd_out_char, 3
0x0046	0x284A      	GOTO       L__Lcd_Cmd31
0x0047	0x1283      	BCF        STATUS, 5
0x0048	0x1186      	BCF        LCD_D7, BitPos(LCD_D7+0)
0x0049	0x284C      	GOTO       L__Lcd_Cmd32
L__Lcd_Cmd31:
0x004A	0x1283      	BCF        STATUS, 5
0x004B	0x1586      	BSF        LCD_D7, BitPos(LCD_D7+0)
L__Lcd_Cmd32:
;__Lib_Lcd.c,34 :: 		
0x004C	0x1683      	BSF        STATUS, 5
0x004D	0x1961      	BTFSC      FARG_Lcd_Cmd_out_char, 2
0x004E	0x2852      	GOTO       L__Lcd_Cmd33
0x004F	0x1283      	BCF        STATUS, 5
0x0050	0x1106      	BCF        LCD_D6, BitPos(LCD_D6+0)
0x0051	0x2854      	GOTO       L__Lcd_Cmd34
L__Lcd_Cmd33:
0x0052	0x1283      	BCF        STATUS, 5
0x0053	0x1506      	BSF        LCD_D6, BitPos(LCD_D6+0)
L__Lcd_Cmd34:
;__Lib_Lcd.c,35 :: 		
0x0054	0x1683      	BSF        STATUS, 5
0x0055	0x18E1      	BTFSC      FARG_Lcd_Cmd_out_char, 1
0x0056	0x285A      	GOTO       L__Lcd_Cmd35
0x0057	0x1283      	BCF        STATUS, 5
0x0058	0x1086      	BCF        LCD_D5, BitPos(LCD_D5+0)
0x0059	0x285C      	GOTO       L__Lcd_Cmd36
L__Lcd_Cmd35:
0x005A	0x1283      	BCF        STATUS, 5
0x005B	0x1486      	BSF        LCD_D5, BitPos(LCD_D5+0)
L__Lcd_Cmd36:
;__Lib_Lcd.c,36 :: 		
0x005C	0x1683      	BSF        STATUS, 5
0x005D	0x1861      	BTFSC      FARG_Lcd_Cmd_out_char, 0
0x005E	0x2862      	GOTO       L__Lcd_Cmd37
0x005F	0x1283      	BCF        STATUS, 5
0x0060	0x1006      	BCF        LCD_D4, BitPos(LCD_D4+0)
0x0061	0x2864      	GOTO       L__Lcd_Cmd38
L__Lcd_Cmd37:
0x0062	0x1283      	BCF        STATUS, 5
0x0063	0x1406      	BSF        LCD_D4, BitPos(LCD_D4+0)
L__Lcd_Cmd38:
;__Lib_Lcd.c,38 :: 		
0x0064	0x1683      	BSF        STATUS, 5
0x0065	0x1848      	BTFSC      __Lib_Lcd_cmd_status, BitPos(__Lib_Lcd_cmd_status+0)
0x0066	0x286A      	GOTO       L__Lcd_Cmd39
0x0067	0x1283      	BCF        STATUS, 5
0x0068	0x1606      	BSF        LCD_RS, BitPos(LCD_RS+0)
0x0069	0x286C      	GOTO       L__Lcd_Cmd40
L__Lcd_Cmd39:
0x006A	0x1283      	BCF        STATUS, 5
0x006B	0x1206      	BCF        LCD_RS, BitPos(LCD_RS+0)
L__Lcd_Cmd40:
;__Lib_Lcd.c,40 :: 		
0x006C	0x1686      	BSF        LCD_EN, BitPos(LCD_EN+0)
;__Lib_Lcd.c,41 :: 		
0x006D	0x200B      	CALL       _Delay_1us
;__Lib_Lcd.c,42 :: 		
0x006E	0x1286      	BCF        LCD_EN, BitPos(LCD_EN+0)
;__Lib_Lcd.c,44 :: 		
0x006F	0x1683      	BSF        STATUS, 5
0x0070	0x1C48      	BTFSS      __Lib_Lcd_cmd_status, BitPos(__Lib_Lcd_cmd_status+0)
0x0071	0x2874      	GOTO       L_Lcd_Cmd0
;__Lib_Lcd.c,45 :: 		
0x0072	0x200D      	CALL       _Delay_5500us
0x0073	0x2875      	GOTO       L_Lcd_Cmd1
L_Lcd_Cmd0:
;__Lib_Lcd.c,47 :: 		
0x0074	0x2003      	CALL       _Delay_50us
L_Lcd_Cmd1:
;__Lib_Lcd.c,48 :: 		
L_end_Lcd_Cmd:
0x0075	0x0008      	RETURN
; end of _Lcd_Cmd
_Lcd_Chr_CP:
;__Lib_Lcd.c,50 :: 		
;__Lib_Lcd.c,52 :: 		
0x0076	0x1683      	BSF        STATUS, 5
0x0077	0x1303      	BCF        STATUS, 6
0x0078	0x1048      	BCF        __Lib_Lcd_cmd_status, BitPos(__Lib_Lcd_cmd_status+0)
;__Lib_Lcd.c,53 :: 		
0x0079	0x0860      	MOVF       FARG_Lcd_Chr_CP_out_char, 0
0x007A	0x00E1      	MOVWF      FARG_Lcd_Cmd_out_char
0x007B	0x2018      	CALL       _Lcd_Cmd
;__Lib_Lcd.c,54 :: 		
0x007C	0x1683      	BSF        STATUS, 5
0x007D	0x1448      	BSF        __Lib_Lcd_cmd_status, BitPos(__Lib_Lcd_cmd_status+0)
;__Lib_Lcd.c,55 :: 		
L_end_Lcd_Chr_CP:
0x007E	0x0008      	RETURN
; end of _Lcd_Chr_CP
_Div_8X8_U:
;__Lib_Math.c,189 :: 		
;__Lib_Math.c,196 :: 		
0x007F	0x1283      	BCF        STATUS, 5
;__Lib_Math.c,197 :: 		
0x0080	0x1303      	BCF        STATUS, 6
;__Lib_Math.c,198 :: 		
0x0081	0x01F8      	CLRF       R8
;__Lib_Math.c,199 :: 		
0x0082	0x3008      	MOVLW      8
;__Lib_Math.c,200 :: 		
0x0083	0x00FC      	MOVWF      R12
;__Lib_Math.c,201 :: 		
0x0084	0x0D70      	RLF        R0, 0
;__Lib_Math.c,202 :: 		
0x0085	0x0DF8      	RLF        R8, 1
;__Lib_Math.c,203 :: 		
0x0086	0x0874      	MOVF       R4, 0
;__Lib_Math.c,204 :: 		
0x0087	0x02F8      	SUBWF      R8, 1
;__Lib_Math.c,205 :: 		
0x0088	0x1803      	BTFSC      STATUS, 0
;__Lib_Math.c,206 :: 		
0x0089	0x288C      	GOTO       $+3
;__Lib_Math.c,207 :: 		
0x008A	0x07F8      	ADDWF      R8, 1
;__Lib_Math.c,208 :: 		
0x008B	0x1003      	BCF        STATUS, 0
;__Lib_Math.c,209 :: 		
0x008C	0x0DF0      	RLF        R0, 1
;__Lib_Math.c,210 :: 		
0x008D	0x0BFC      	DECFSZ     R12, 1
;__Lib_Math.c,211 :: 		
0x008E	0x2884      	GOTO       $-10
;__Lib_Math.c,213 :: 		
L_end_Div_8X8_U:
0x008F	0x0008      	RETURN
; end of _Div_8X8_U
_Div_16X16_U:
;__Lib_Math.c,215 :: 		
;__Lib_Math.c,222 :: 		
0x0090	0x1283      	BCF        STATUS, 5
;__Lib_Math.c,223 :: 		
0x0091	0x1303      	BCF        STATUS, 6
;__Lib_Math.c,224 :: 		
0x0092	0x01F8      	CLRF       R8
;__Lib_Math.c,225 :: 		
0x0093	0x01F9      	CLRF       R9
;__Lib_Math.c,226 :: 		
0x0094	0x3010      	MOVLW      16
;__Lib_Math.c,227 :: 		
0x0095	0x00FC      	MOVWF      R12
;__Lib_Math.c,228 :: 		
0x0096	0x0D71      	RLF        R1, 0
;__Lib_Math.c,229 :: 		
0x0097	0x0DF8      	RLF        R8, 1
;__Lib_Math.c,230 :: 		
0x0098	0x0DF9      	RLF        R9, 1
;__Lib_Math.c,231 :: 		
0x0099	0x0874      	MOVF       R4, 0
;__Lib_Math.c,232 :: 		
0x009A	0x02F8      	SUBWF      R8, 1
;__Lib_Math.c,233 :: 		
0x009B	0x0875      	MOVF       R5, 0
;__Lib_Math.c,234 :: 		
0x009C	0x1C03      	BTFSS      STATUS, 0
;__Lib_Math.c,235 :: 		
0x009D	0x0F75      	INCFSZ     R5, 0
;__Lib_Math.c,236 :: 		
0x009E	0x02F9      	SUBWF      R9, 1
;__Lib_Math.c,237 :: 		
0x009F	0x1803      	BTFSC      STATUS, 0
;__Lib_Math.c,238 :: 		
0x00A0	0x28A8      	GOTO       $+8
;__Lib_Math.c,239 :: 		
0x00A1	0x0874      	MOVF       R4, 0
;__Lib_Math.c,240 :: 		
0x00A2	0x07F8      	ADDWF      R8, 1
;__Lib_Math.c,241 :: 		
0x00A3	0x0875      	MOVF       R5, 0
;__Lib_Math.c,242 :: 		
0x00A4	0x1803      	BTFSC      STATUS, 0
;__Lib_Math.c,243 :: 		
0x00A5	0x0F75      	INCFSZ     R5, 0
;__Lib_Math.c,244 :: 		
0x00A6	0x07F9      	ADDWF      R9, 1
;__Lib_Math.c,245 :: 		
0x00A7	0x1003      	BCF        STATUS, 0
;__Lib_Math.c,246 :: 		
0x00A8	0x0DF0      	RLF        R0, 1
;__Lib_Math.c,247 :: 		
0x00A9	0x0DF1      	RLF        R1, 1
;__Lib_Math.c,248 :: 		
0x00AA	0x0BFC      	DECFSZ     R12, 1
;__Lib_Math.c,249 :: 		
0x00AB	0x2896      	GOTO       $-21
;__Lib_Math.c,251 :: 		
L_end_Div_16X16_U:
0x00AC	0x0008      	RETURN
; end of _Div_16X16_U
_Mul_16X16_U:
;__Lib_Math.c,136 :: 		
;__Lib_Math.c,143 :: 		
0x00AD	0x1283      	BCF        STATUS, 5
;__Lib_Math.c,144 :: 		
0x00AE	0x1303      	BCF        STATUS, 6
;__Lib_Math.c,145 :: 		
0x00AF	0x01FB      	CLRF       R11
;__Lib_Math.c,146 :: 		
0x00B0	0x01FA      	CLRF       R10
;__Lib_Math.c,147 :: 		
0x00B1	0x01F9      	CLRF       R9
;__Lib_Math.c,148 :: 		
0x00B2	0x3080      	MOVLW      128
;__Lib_Math.c,149 :: 		
0x00B3	0x00F8      	MOVWF      R8
;__Lib_Math.c,150 :: 		
0x00B4	0x0CF1      	RRF        R1, 1
;__Lib_Math.c,151 :: 		
0x00B5	0x0CF0      	RRF        R0, 1
;__Lib_Math.c,152 :: 		
0x00B6	0x1C03      	BTFSS      STATUS, 0
;__Lib_Math.c,153 :: 		
0x00B7	0x28C1      	GOTO       $+10
;__Lib_Math.c,154 :: 		
0x00B8	0x0874      	MOVF       R4, 0
;__Lib_Math.c,155 :: 		
0x00B9	0x07F9      	ADDWF      R9, 1
;__Lib_Math.c,156 :: 		
0x00BA	0x0875      	MOVF       R5, 0
;__Lib_Math.c,157 :: 		
0x00BB	0x1803      	BTFSC      STATUS, 0
;__Lib_Math.c,158 :: 		
0x00BC	0x0F75      	INCFSZ     R5, 0
;__Lib_Math.c,159 :: 		
0x00BD	0x07FA      	ADDWF      R10, 1
;__Lib_Math.c,160 :: 		
0x00BE	0x1803      	BTFSC      STATUS, 0
;__Lib_Math.c,161 :: 		
0x00BF	0x0AFB      	INCF       R11, 1
;__Lib_Math.c,162 :: 		
0x00C0	0x1003      	BCF        STATUS, 0
;__Lib_Math.c,163 :: 		
0x00C1	0x1FF0      	BTFSS      R0, 7
;__Lib_Math.c,164 :: 		
0x00C2	0x28C9      	GOTO       $+7
;__Lib_Math.c,165 :: 		
0x00C3	0x0874      	MOVF       R4, 0
;__Lib_Math.c,166 :: 		
0x00C4	0x07FA      	ADDWF      R10, 1
;__Lib_Math.c,167 :: 		
0x00C5	0x0875      	MOVF       R5, 0
;__Lib_Math.c,168 :: 		
0x00C6	0x1803      	BTFSC      STATUS, 0
;__Lib_Math.c,169 :: 		
0x00C7	0x0F75      	INCFSZ     R5, 0
;__Lib_Math.c,170 :: 		
0x00C8	0x07FB      	ADDWF      R11, 1
;__Lib_Math.c,171 :: 		
0x00C9	0x0CFB      	RRF        R11, 1
;__Lib_Math.c,172 :: 		
0x00CA	0x0CFA      	RRF        R10, 1
;__Lib_Math.c,173 :: 		
0x00CB	0x0CF9      	RRF        R9, 1
;__Lib_Math.c,174 :: 		
0x00CC	0x0CF8      	RRF        R8, 1
;__Lib_Math.c,175 :: 		
0x00CD	0x1C03      	BTFSS      STATUS, 0
;__Lib_Math.c,176 :: 		
0x00CE	0x28B4      	GOTO       $-26
;__Lib_Math.c,177 :: 		
0x00CF	0x087B      	MOVF       R11, 0
;__Lib_Math.c,178 :: 		
0x00D0	0x00F3      	MOVWF      R3
;__Lib_Math.c,179 :: 		
0x00D1	0x087A      	MOVF       R10, 0
;__Lib_Math.c,180 :: 		
0x00D2	0x00F2      	MOVWF      R2
;__Lib_Math.c,181 :: 		
0x00D3	0x0879      	MOVF       R9, 0
;__Lib_Math.c,182 :: 		
0x00D4	0x00F1      	MOVWF      R1
;__Lib_Math.c,183 :: 		
0x00D5	0x0878      	MOVF       R8, 0
;__Lib_Math.c,184 :: 		
0x00D6	0x00F0      	MOVWF      R0
;__Lib_Math.c,187 :: 		
L_end_Mul_16X16_U:
0x00D7	0x0008      	RETURN
; end of _Mul_16X16_U
_Mul_8X8_U:
;__Lib_Math.c,103 :: 		
;__Lib_Math.c,108 :: 		
0x00D8	0x1283      	BCF        STATUS, 5
;__Lib_Math.c,109 :: 		
0x00D9	0x1303      	BCF        STATUS, 6
;__Lib_Math.c,110 :: 		
0x00DA	0x0870      	MOVF       R0, 0
;__Lib_Math.c,111 :: 		
0x00DB	0x00F1      	MOVWF      R1
;__Lib_Math.c,112 :: 		
0x00DC	0x01F0      	CLRF       R0
;__Lib_Math.c,113 :: 		
0x00DD	0x3008      	MOVLW      8
;__Lib_Math.c,114 :: 		
0x00DE	0x00FC      	MOVWF      R12
;__Lib_Math.c,115 :: 		
0x00DF	0x0871      	MOVF       R1, 0
;__Lib_Math.c,116 :: 		
0x00E0	0x0CF4      	RRF        R4, 1
;__Lib_Math.c,117 :: 		
0x00E1	0x1803      	BTFSC      STATUS, 0
;__Lib_Math.c,118 :: 		
0x00E2	0x28E7      	GOTO       $+5
;__Lib_Math.c,119 :: 		
0x00E3	0x0BFC      	DECFSZ     R12, 1
;__Lib_Math.c,120 :: 		
0x00E4	0x28E0      	GOTO       $-4
;__Lib_Math.c,121 :: 		
0x00E5	0x01F1      	CLRF       R1
;__Lib_Math.c,122 :: 		
0x00E6	0x3400      	RETLW      0
;__Lib_Math.c,123 :: 		
0x00E7	0x1003      	BCF        STATUS, 0
;__Lib_Math.c,124 :: 		
0x00E8	0x28EC      	GOTO       $+4
;__Lib_Math.c,125 :: 		
0x00E9	0x0CF4      	RRF        R4, 1
;__Lib_Math.c,126 :: 		
0x00EA	0x1803      	BTFSC      STATUS, 0
;__Lib_Math.c,127 :: 		
0x00EB	0x07F1      	ADDWF      R1, 1
;__Lib_Math.c,128 :: 		
0x00EC	0x0CF1      	RRF        R1, 1
;__Lib_Math.c,129 :: 		
0x00ED	0x0CF0      	RRF        R0, 1
;__Lib_Math.c,130 :: 		
0x00EE	0x0BFC      	DECFSZ     R12, 1
;__Lib_Math.c,131 :: 		
0x00EF	0x28E9      	GOTO       $-6
;__Lib_Math.c,133 :: 		
;__Lib_Math.c,134 :: 		
L_end_Mul_8X8_U:
0x00F0	0x0008      	RETURN
; end of _Mul_8X8_U
_ByteToStr:
;__Lib_Conversions.c,66 :: 		
;__Lib_Conversions.c,69 :: 		
0x00F1	0x1683      	BSF        STATUS, 5
0x00F2	0x1303      	BCF        STATUS, 6
0x00F3	0x01DE      	CLRF       ByteToStr_DigitPos_L0
L_ByteToStr0:
0x00F4	0x3003      	MOVLW      3
0x00F5	0x025E      	SUBWF      ByteToStr_DigitPos_L0, 0
0x00F6	0x1803      	BTFSC      STATUS, 0
0x00F7	0x28FF      	GOTO       L_ByteToStr1
;__Lib_Conversions.c,70 :: 		
0x00F8	0x085E      	MOVF       ByteToStr_DigitPos_L0, 0
0x00F9	0x075D      	ADDWF      FARG_ByteToStr_output, 0
0x00FA	0x0084      	MOVWF      FSR
0x00FB	0x3020      	MOVLW      32
0x00FC	0x0080      	MOVWF      INDF
;__Lib_Conversions.c,69 :: 		
0x00FD	0x0ADE      	INCF       ByteToStr_DigitPos_L0, 1
;__Lib_Conversions.c,70 :: 		
0x00FE	0x28F4      	GOTO       L_ByteToStr0
L_ByteToStr1:
;__Lib_Conversions.c,72 :: 		
0x00FF	0x085E      	MOVF       ByteToStr_DigitPos_L0, 0
0x0100	0x075D      	ADDWF      FARG_ByteToStr_output, 0
0x0101	0x0084      	MOVWF      FSR
0x0102	0x0180      	CLRF       INDF
0x0103	0x03DE      	DECF       ByteToStr_DigitPos_L0, 1
;__Lib_Conversions.c,74 :: 		
L_ByteToStr3:
;__Lib_Conversions.c,75 :: 		
0x0104	0x085E      	MOVF       ByteToStr_DigitPos_L0, 0
0x0105	0x075D      	ADDWF      FARG_ByteToStr_output, 0
0x0106	0x00DF      	MOVWF      FLOC__ByteToStr
0x0107	0x300A      	MOVLW      10
0x0108	0x00F4      	MOVWF      R4
0x0109	0x085C      	MOVF       FARG_ByteToStr_input, 0
0x010A	0x00F0      	MOVWF      R0
0x010B	0x207F      	CALL       _Div_8X8_U
0x010C	0x0878      	MOVF       R8, 0
0x010D	0x00F0      	MOVWF      R0
0x010E	0x3030      	MOVLW      48
0x010F	0x07F0      	ADDWF      R0, 1
0x0110	0x1683      	BSF        STATUS, 5
0x0111	0x085F      	MOVF       FLOC__ByteToStr, 0
0x0112	0x0084      	MOVWF      FSR
0x0113	0x0870      	MOVF       R0, 0
0x0114	0x0080      	MOVWF      INDF
;__Lib_Conversions.c,76 :: 		
0x0115	0x300A      	MOVLW      10
0x0116	0x00F4      	MOVWF      R4
0x0117	0x085C      	MOVF       FARG_ByteToStr_input, 0
0x0118	0x00F0      	MOVWF      R0
0x0119	0x207F      	CALL       _Div_8X8_U
0x011A	0x0870      	MOVF       R0, 0
0x011B	0x1683      	BSF        STATUS, 5
0x011C	0x00DC      	MOVWF      FARG_ByteToStr_input
;__Lib_Conversions.c,77 :: 		
0x011D	0x0870      	MOVF       R0, 0
0x011E	0x3A00      	XORLW      0
0x011F	0x1D03      	BTFSS      STATUS, 2
0x0120	0x2922      	GOTO       L_ByteToStr5
;__Lib_Conversions.c,78 :: 		
0x0121	0x2924      	GOTO       L_ByteToStr4
L_ByteToStr5:
;__Lib_Conversions.c,79 :: 		
0x0122	0x03DE      	DECF       ByteToStr_DigitPos_L0, 1
;__Lib_Conversions.c,80 :: 		
0x0123	0x2904      	GOTO       L_ByteToStr3
L_ByteToStr4:
;__Lib_Conversions.c,81 :: 		
L_end_ByteToStr:
0x0124	0x0008      	RETURN
; end of _ByteToStr
_Lcd_Out:
;__Lib_Lcd.c,184 :: 		
;__Lib_Lcd.c,187 :: 		
0x0125	0x2937      	GOTO       L_Lcd_Out11
;__Lib_Lcd.c,188 :: 		
L_Lcd_Out13:
0x0126	0x3080      	MOVLW      128
0x0127	0x1683      	BSF        STATUS, 5
0x0128	0x1303      	BCF        STATUS, 6
0x0129	0x00DC      	MOVWF      FARG_Lcd_Out_row
0x012A	0x294A      	GOTO       L_Lcd_Out12
;__Lib_Lcd.c,189 :: 		
L_Lcd_Out14:
0x012B	0x30C0      	MOVLW      192
0x012C	0x00DC      	MOVWF      FARG_Lcd_Out_row
0x012D	0x294A      	GOTO       L_Lcd_Out12
;__Lib_Lcd.c,190 :: 		
L_Lcd_Out15:
0x012E	0x3094      	MOVLW      148
0x012F	0x00DC      	MOVWF      FARG_Lcd_Out_row
0x0130	0x294A      	GOTO       L_Lcd_Out12
;__Lib_Lcd.c,191 :: 		
L_Lcd_Out16:
0x0131	0x30D4      	MOVLW      212
0x0132	0x00DC      	MOVWF      FARG_Lcd_Out_row
0x0133	0x294A      	GOTO       L_Lcd_Out12
;__Lib_Lcd.c,192 :: 		
L_Lcd_Out17:
0x0134	0x3080      	MOVLW      128
0x0135	0x00DC      	MOVWF      FARG_Lcd_Out_row
;__Lib_Lcd.c,193 :: 		
0x0136	0x294A      	GOTO       L_Lcd_Out12
L_Lcd_Out11:
0x0137	0x1683      	BSF        STATUS, 5
0x0138	0x1303      	BCF        STATUS, 6
0x0139	0x085C      	MOVF       FARG_Lcd_Out_row, 0
0x013A	0x3A01      	XORLW      1
0x013B	0x1903      	BTFSC      STATUS, 2
0x013C	0x2926      	GOTO       L_Lcd_Out13
0x013D	0x085C      	MOVF       FARG_Lcd_Out_row, 0
0x013E	0x3A02      	XORLW      2
0x013F	0x1903      	BTFSC      STATUS, 2
0x0140	0x292B      	GOTO       L_Lcd_Out14
0x0141	0x085C      	MOVF       FARG_Lcd_Out_row, 0
0x0142	0x3A03      	XORLW      3
0x0143	0x1903      	BTFSC      STATUS, 2
0x0144	0x292E      	GOTO       L_Lcd_Out15
0x0145	0x085C      	MOVF       FARG_Lcd_Out_row, 0
0x0146	0x3A04      	XORLW      4
0x0147	0x1903      	BTFSC      STATUS, 2
0x0148	0x2931      	GOTO       L_Lcd_Out16
0x0149	0x2934      	GOTO       L_Lcd_Out17
L_Lcd_Out12:
;__Lib_Lcd.c,194 :: 		
0x014A	0x035D      	DECF       FARG_Lcd_Out_column, 0
0x014B	0x00F0      	MOVWF      R0
0x014C	0x085C      	MOVF       FARG_Lcd_Out_row, 0
0x014D	0x07F0      	ADDWF      R0, 1
0x014E	0x0870      	MOVF       R0, 0
0x014F	0x00DC      	MOVWF      FARG_Lcd_Out_row
;__Lib_Lcd.c,196 :: 		
0x0150	0x0870      	MOVF       R0, 0
0x0151	0x00E1      	MOVWF      FARG_Lcd_Cmd_out_char
0x0152	0x2018      	CALL       _Lcd_Cmd
;__Lib_Lcd.c,197 :: 		
0x0153	0x1683      	BSF        STATUS, 5
0x0154	0x1048      	BCF        __Lib_Lcd_cmd_status, BitPos(__Lib_Lcd_cmd_status+0)
;__Lib_Lcd.c,198 :: 		
0x0155	0x01DF      	CLRF       Lcd_Out_i_L0
;__Lib_Lcd.c,199 :: 		
L_Lcd_Out18:
0x0156	0x085F      	MOVF       Lcd_Out_i_L0, 0
0x0157	0x075E      	ADDWF      FARG_Lcd_Out_text, 0
0x0158	0x0084      	MOVWF      FSR
0x0159	0x0800      	MOVF       INDF, 0
0x015A	0x1903      	BTFSC      STATUS, 2
0x015B	0x2964      	GOTO       L_Lcd_Out19
;__Lib_Lcd.c,200 :: 		
0x015C	0x085F      	MOVF       Lcd_Out_i_L0, 0
0x015D	0x075E      	ADDWF      FARG_Lcd_Out_text, 0
0x015E	0x0084      	MOVWF      FSR
0x015F	0x0800      	MOVF       INDF, 0
0x0160	0x00E0      	MOVWF      FARG_Lcd_Chr_CP_out_char
0x0161	0x2076      	CALL       _Lcd_Chr_CP
0x0162	0x0ADF      	INCF       Lcd_Out_i_L0, 1
0x0163	0x2956      	GOTO       L_Lcd_Out18
L_Lcd_Out19:
;__Lib_Lcd.c,201 :: 		
0x0164	0x1448      	BSF        __Lib_Lcd_cmd_status, BitPos(__Lib_Lcd_cmd_status+0)
;__Lib_Lcd.c,202 :: 		
L_end_Lcd_Out:
0x0165	0x0008      	RETURN
; end of _Lcd_Out
_____DoICP:
;__Lib_System.c,6 :: 		
;__Lib_System.c,9 :: 		
0x0166	0x1683      	BSF        STATUS, 5
0x0167	0x1303      	BCF        STATUS, 6
0x0168	0x0847      	MOVF       ___DoICPAddr+1, 0
0x0169	0x008A      	MOVWF      PCLATH
;__Lib_System.c,10 :: 		
0x016A	0x0846      	MOVF       ___DoICPAddr, 0
0x016B	0x0082      	MOVWF      PCL
;__Lib_System.c,12 :: 		
L_end_____DoICP:
0x016C	0x0008      	RETURN
; end of _____DoICP
_lcd_Print:
;incubadora_iot.c,135 :: 		void lcd_Print(unsigned char screen){             //funcion para imprimir las diferentes pantallas en la lcd16x2
;incubadora_iot.c,137 :: 		Lcd_Cmd(_LCD_CLEAR);
0x016D	0x3001      	MOVLW      1
0x016E	0x1683      	BSF        STATUS, 5
0x016F	0x1303      	BCF        STATUS, 6
0x0170	0x00E1      	MOVWF      FARG_Lcd_Cmd_out_char
0x0171	0x2018      	CALL       _Lcd_Cmd
;incubadora_iot.c,138 :: 		Lcd_Cmd(_LCD_CURSOR_OFF);
0x0172	0x300C      	MOVLW      12
0x0173	0x1683      	BSF        STATUS, 5
0x0174	0x00E1      	MOVWF      FARG_Lcd_Cmd_out_char
0x0175	0x2018      	CALL       _Lcd_Cmd
;incubadora_iot.c,140 :: 		switch(screen){
0x0176	0x2A24      	GOTO       L_lcd_Print41
;incubadora_iot.c,142 :: 		case 'I':
L_lcd_Print43:
0x0177	0x1283      	BCF        STATUS, 5
;incubadora_iot.c,143 :: 		ByteToStr(temperatura,txtInt);
0x0178	0x084E      	MOVF       _temperatura, 0
0x0179	0x1683      	BSF        STATUS, 5
0x017A	0x00DC      	MOVWF      FARG_ByteToStr_input
0x017B	0x30CA      	MOVLW      lcd_Print_txtInt_L0
0x017C	0x00DD      	MOVWF      FARG_ByteToStr_output
0x017D	0x20F1      	CALL       _ByteToStr
;incubadora_iot.c,144 :: 		Lcd_Out(1,13,txtInt);
0x017E	0x3001      	MOVLW      1
0x017F	0x00DC      	MOVWF      FARG_Lcd_Out_row
0x0180	0x300D      	MOVLW      13
0x0181	0x00DD      	MOVWF      FARG_Lcd_Out_column
0x0182	0x30CA      	MOVLW      lcd_Print_txtInt_L0
0x0183	0x00DE      	MOVWF      FARG_Lcd_Out_text
0x0184	0x2125      	CALL       _Lcd_Out
;incubadora_iot.c,145 :: 		ByteToStr(humedad,txtInt);
0x0185	0x1283      	BCF        STATUS, 5
0x0186	0x084D      	MOVF       _humedad, 0
0x0187	0x1683      	BSF        STATUS, 5
0x0188	0x00DC      	MOVWF      FARG_ByteToStr_input
0x0189	0x30CA      	MOVLW      lcd_Print_txtInt_L0
0x018A	0x00DD      	MOVWF      FARG_ByteToStr_output
0x018B	0x20F1      	CALL       _ByteToStr
;incubadora_iot.c,146 :: 		Lcd_Out(2,13,txtInt);
0x018C	0x3002      	MOVLW      2
0x018D	0x00DC      	MOVWF      FARG_Lcd_Out_row
0x018E	0x300D      	MOVLW      13
0x018F	0x00DD      	MOVWF      FARG_Lcd_Out_column
0x0190	0x30CA      	MOVLW      lcd_Print_txtInt_L0
0x0191	0x00DE      	MOVWF      FARG_Lcd_Out_text
0x0192	0x2125      	CALL       _Lcd_Out
;incubadora_iot.c,147 :: 		Lcd_Out(1,1,"TEMPERATURA:");
0x0193	0x3001      	MOVLW      1
0x0194	0x00DC      	MOVWF      FARG_Lcd_Out_row
0x0195	0x3001      	MOVLW      1
0x0196	0x00DD      	MOVWF      FARG_Lcd_Out_column
0x0197	0x302B      	MOVLW      ?lstr1_incubadora_iot
0x0198	0x00DE      	MOVWF      FARG_Lcd_Out_text
0x0199	0x2125      	CALL       _Lcd_Out
;incubadora_iot.c,148 :: 		Lcd_Out(2,1,"HUMEDAD:");
0x019A	0x3002      	MOVLW      2
0x019B	0x00DC      	MOVWF      FARG_Lcd_Out_row
0x019C	0x3001      	MOVLW      1
0x019D	0x00DD      	MOVWF      FARG_Lcd_Out_column
0x019E	0x3022      	MOVLW      ?lstr2_incubadora_iot
0x019F	0x00DE      	MOVWF      FARG_Lcd_Out_text
0x01A0	0x2125      	CALL       _Lcd_Out
;incubadora_iot.c,149 :: 		Lcd_Out(1,16,"C");
0x01A1	0x3001      	MOVLW      1
0x01A2	0x00DC      	MOVWF      FARG_Lcd_Out_row
0x01A3	0x3010      	MOVLW      16
0x01A4	0x00DD      	MOVWF      FARG_Lcd_Out_column
0x01A5	0x3020      	MOVLW      ?lstr3_incubadora_iot
0x01A6	0x00DE      	MOVWF      FARG_Lcd_Out_text
0x01A7	0x2125      	CALL       _Lcd_Out
;incubadora_iot.c,150 :: 		Lcd_Out(2,16,"%");
0x01A8	0x3002      	MOVLW      2
0x01A9	0x00DC      	MOVWF      FARG_Lcd_Out_row
0x01AA	0x3010      	MOVLW      16
0x01AB	0x00DD      	MOVWF      FARG_Lcd_Out_column
0x01AC	0x304B      	MOVLW      ?lstr4_incubadora_iot
0x01AD	0x00DE      	MOVWF      FARG_Lcd_Out_text
0x01AE	0x2125      	CALL       _Lcd_Out
;incubadora_iot.c,151 :: 		break;
0x01AF	0x2A3E      	GOTO       L_lcd_Print42
;incubadora_iot.c,153 :: 		case 'E': Lcd_Out(1,7,"[X]");
L_lcd_Print44:
0x01B0	0x3001      	MOVLW      1
0x01B1	0x00DC      	MOVWF      FARG_Lcd_Out_row
0x01B2	0x3007      	MOVLW      7
0x01B3	0x00DD      	MOVWF      FARG_Lcd_Out_column
0x01B4	0x3047      	MOVLW      ?lstr5_incubadora_iot
0x01B5	0x00DE      	MOVWF      FARG_Lcd_Out_text
0x01B6	0x2125      	CALL       _Lcd_Out
;incubadora_iot.c,154 :: 		Lcd_Out(2,2,"ERROR EN DHT11");
0x01B7	0x3002      	MOVLW      2
0x01B8	0x00DC      	MOVWF      FARG_Lcd_Out_row
0x01B9	0x3002      	MOVLW      2
0x01BA	0x00DD      	MOVWF      FARG_Lcd_Out_column
0x01BB	0x3038      	MOVLW      ?lstr6_incubadora_iot
0x01BC	0x00DE      	MOVWF      FARG_Lcd_Out_text
0x01BD	0x2125      	CALL       _Lcd_Out
;incubadora_iot.c,155 :: 		break;
0x01BE	0x2A3E      	GOTO       L_lcd_Print42
;incubadora_iot.c,157 :: 		case 'C': Lcd_Out(1,3,"CONFIGURACION");
L_lcd_Print45:
0x01BF	0x3001      	MOVLW      1
0x01C0	0x00DC      	MOVWF      FARG_Lcd_Out_row
0x01C1	0x3003      	MOVLW      3
0x01C2	0x00DD      	MOVWF      FARG_Lcd_Out_column
0x01C3	0x304F      	MOVLW      ?lstr7_incubadora_iot
0x01C4	0x00DE      	MOVWF      FARG_Lcd_Out_text
0x01C5	0x2125      	CALL       _Lcd_Out
;incubadora_iot.c,158 :: 		break;
0x01C6	0x2A3E      	GOTO       L_lcd_Print42
;incubadora_iot.c,160 :: 		case 'T': Lcd_Out(1,3,"-TEMPERATURA-");
L_lcd_Print46:
0x01C7	0x3001      	MOVLW      1
0x01C8	0x00DC      	MOVWF      FARG_Lcd_Out_row
0x01C9	0x3003      	MOVLW      3
0x01CA	0x00DD      	MOVWF      FARG_Lcd_Out_column
0x01CB	0x30AA      	MOVLW      ?lstr8_incubadora_iot
0x01CC	0x00DE      	MOVWF      FARG_Lcd_Out_text
0x01CD	0x2125      	CALL       _Lcd_Out
;incubadora_iot.c,161 :: 		Lcd_Out(2,1,"<>");
0x01CE	0x3002      	MOVLW      2
0x01CF	0x00DC      	MOVWF      FARG_Lcd_Out_row
0x01D0	0x3001      	MOVLW      1
0x01D1	0x00DD      	MOVWF      FARG_Lcd_Out_column
0x01D2	0x30A7      	MOVLW      ?lstr9_incubadora_iot
0x01D3	0x00DE      	MOVWF      FARG_Lcd_Out_text
0x01D4	0x2125      	CALL       _Lcd_Out
;incubadora_iot.c,162 :: 		Lcd_Out(2,16,"C");
0x01D5	0x3002      	MOVLW      2
0x01D6	0x00DC      	MOVWF      FARG_Lcd_Out_row
0x01D7	0x3010      	MOVLW      16
0x01D8	0x00DD      	MOVWF      FARG_Lcd_Out_column
0x01D9	0x30A5      	MOVLW      ?lstr10_incubadora_iot
0x01DA	0x00DE      	MOVWF      FARG_Lcd_Out_text
0x01DB	0x2125      	CALL       _Lcd_Out
;incubadora_iot.c,163 :: 		ByteToStr(stpointT,txtInt);
0x01DC	0x0845      	MOVF       _stpointT, 0
0x01DD	0x00DC      	MOVWF      FARG_ByteToStr_input
0x01DE	0x30CA      	MOVLW      lcd_Print_txtInt_L0
0x01DF	0x00DD      	MOVWF      FARG_ByteToStr_output
0x01E0	0x20F1      	CALL       _ByteToStr
;incubadora_iot.c,164 :: 		Lcd_Out(2,13,txtInt);
0x01E1	0x3002      	MOVLW      2
0x01E2	0x00DC      	MOVWF      FARG_Lcd_Out_row
0x01E3	0x300D      	MOVLW      13
0x01E4	0x00DD      	MOVWF      FARG_Lcd_Out_column
0x01E5	0x30CA      	MOVLW      lcd_Print_txtInt_L0
0x01E6	0x00DE      	MOVWF      FARG_Lcd_Out_text
0x01E7	0x2125      	CALL       _Lcd_Out
;incubadora_iot.c,165 :: 		break;
0x01E8	0x2A3E      	GOTO       L_lcd_Print42
;incubadora_iot.c,167 :: 		case 'H': Lcd_Out(1,4,"-HUMEDAD-");
L_lcd_Print47:
0x01E9	0x3001      	MOVLW      1
0x01EA	0x00DC      	MOVWF      FARG_Lcd_Out_row
0x01EB	0x3004      	MOVLW      4
0x01EC	0x00DD      	MOVWF      FARG_Lcd_Out_column
0x01ED	0x30BB      	MOVLW      ?lstr11_incubadora_iot
0x01EE	0x00DE      	MOVWF      FARG_Lcd_Out_text
0x01EF	0x2125      	CALL       _Lcd_Out
;incubadora_iot.c,168 :: 		Lcd_Out(2,1,"<>");
0x01F0	0x3002      	MOVLW      2
0x01F1	0x00DC      	MOVWF      FARG_Lcd_Out_row
0x01F2	0x3001      	MOVLW      1
0x01F3	0x00DD      	MOVWF      FARG_Lcd_Out_column
0x01F4	0x30B8      	MOVLW      ?lstr12_incubadora_iot
0x01F5	0x00DE      	MOVWF      FARG_Lcd_Out_text
0x01F6	0x2125      	CALL       _Lcd_Out
;incubadora_iot.c,169 :: 		Lcd_Out(2,16,"%");
0x01F7	0x3002      	MOVLW      2
0x01F8	0x00DC      	MOVWF      FARG_Lcd_Out_row
0x01F9	0x3010      	MOVLW      16
0x01FA	0x00DD      	MOVWF      FARG_Lcd_Out_column
0x01FB	0x306E      	MOVLW      ?lstr13_incubadora_iot
0x01FC	0x00DE      	MOVWF      FARG_Lcd_Out_text
0x01FD	0x2125      	CALL       _Lcd_Out
;incubadora_iot.c,170 :: 		ByteToStr(stpointH,txtInt);
0x01FE	0x1283      	BCF        STATUS, 5
0x01FF	0x086D      	MOVF       _stpointH, 0
0x0200	0x1683      	BSF        STATUS, 5
0x0201	0x00DC      	MOVWF      FARG_ByteToStr_input
0x0202	0x30CA      	MOVLW      lcd_Print_txtInt_L0
0x0203	0x00DD      	MOVWF      FARG_ByteToStr_output
0x0204	0x20F1      	CALL       _ByteToStr
;incubadora_iot.c,171 :: 		Lcd_Out(2,13,txtInt);
0x0205	0x3002      	MOVLW      2
0x0206	0x00DC      	MOVWF      FARG_Lcd_Out_row
0x0207	0x300D      	MOVLW      13
0x0208	0x00DD      	MOVWF      FARG_Lcd_Out_column
0x0209	0x30CA      	MOVLW      lcd_Print_txtInt_L0
0x020A	0x00DE      	MOVWF      FARG_Lcd_Out_text
0x020B	0x2125      	CALL       _Lcd_Out
;incubadora_iot.c,172 :: 		break;
0x020C	0x2A3E      	GOTO       L_lcd_Print42
;incubadora_iot.c,174 :: 		case 'X': Lcd_Out(1,7,"");
L_lcd_Print48:
0x020D	0x3001      	MOVLW      1
0x020E	0x00DC      	MOVWF      FARG_Lcd_Out_row
0x020F	0x3007      	MOVLW      7
0x0210	0x00DD      	MOVWF      FARG_Lcd_Out_column
0x0211	0x306C      	MOVLW      ?lstr14_incubadora_iot
0x0212	0x00DE      	MOVWF      FARG_Lcd_Out_text
0x0213	0x2125      	CALL       _Lcd_Out
;incubadora_iot.c,175 :: 		Lcd_Out(2,2,"ERROR EN DHT11");
0x0214	0x3002      	MOVLW      2
0x0215	0x00DC      	MOVWF      FARG_Lcd_Out_row
0x0216	0x3002      	MOVLW      2
0x0217	0x00DD      	MOVWF      FARG_Lcd_Out_column
0x0218	0x305D      	MOVLW      ?lstr15_incubadora_iot
0x0219	0x00DE      	MOVWF      FARG_Lcd_Out_text
0x021A	0x2125      	CALL       _Lcd_Out
;incubadora_iot.c,176 :: 		break;
0x021B	0x2A3E      	GOTO       L_lcd_Print42
;incubadora_iot.c,178 :: 		default:  Lcd_Out(1,7,"NULL");
L_lcd_Print49:
0x021C	0x3001      	MOVLW      1
0x021D	0x00DC      	MOVWF      FARG_Lcd_Out_row
0x021E	0x3007      	MOVLW      7
0x021F	0x00DD      	MOVWF      FARG_Lcd_Out_column
0x0220	0x30A0      	MOVLW      ?lstr16_incubadora_iot
0x0221	0x00DE      	MOVWF      FARG_Lcd_Out_text
0x0222	0x2125      	CALL       _Lcd_Out
;incubadora_iot.c,179 :: 		break;
0x0223	0x2A3E      	GOTO       L_lcd_Print42
;incubadora_iot.c,181 :: 		}//fin switch
L_lcd_Print41:
0x0224	0x1683      	BSF        STATUS, 5
0x0225	0x0849      	MOVF       FARG_lcd_Print_screen, 0
0x0226	0x3A49      	XORLW      73
0x0227	0x1903      	BTFSC      STATUS, 2
0x0228	0x2977      	GOTO       L_lcd_Print43
0x0229	0x0849      	MOVF       FARG_lcd_Print_screen, 0
0x022A	0x3A45      	XORLW      69
0x022B	0x1903      	BTFSC      STATUS, 2
0x022C	0x29B0      	GOTO       L_lcd_Print44
0x022D	0x0849      	MOVF       FARG_lcd_Print_screen, 0
0x022E	0x3A43      	XORLW      67
0x022F	0x1903      	BTFSC      STATUS, 2
0x0230	0x29BF      	GOTO       L_lcd_Print45
0x0231	0x0849      	MOVF       FARG_lcd_Print_screen, 0
0x0232	0x3A54      	XORLW      84
0x0233	0x1903      	BTFSC      STATUS, 2
0x0234	0x29C7      	GOTO       L_lcd_Print46
0x0235	0x0849      	MOVF       FARG_lcd_Print_screen, 0
0x0236	0x3A48      	XORLW      72
0x0237	0x1903      	BTFSC      STATUS, 2
0x0238	0x29E9      	GOTO       L_lcd_Print47
0x0239	0x0849      	MOVF       FARG_lcd_Print_screen, 0
0x023A	0x3A58      	XORLW      88
0x023B	0x1903      	BTFSC      STATUS, 2
0x023C	0x2A0D      	GOTO       L_lcd_Print48
0x023D	0x2A1C      	GOTO       L_lcd_Print49
L_lcd_Print42:
;incubadora_iot.c,182 :: 		}//fin lcdPrint
L_end_lcd_Print:
0x023E	0x0008      	RETURN
; end of _lcd_Print
_read_dth11:
;incubadora_iot.c,66 :: 		char read_dth11(unsigned char sensor){            //funcion para realizar la lectura del sensor dht11
;incubadora_iot.c,68 :: 		unsigned char i=0;
0x023F	0x1683      	BSF        STATUS, 5
0x0240	0x1303      	BCF        STATUS, 6
0x0241	0x01D3      	CLRF       read_dth11_i_L0
0x0242	0x01D4      	CLRF       read_dth11_j_L0
0x0243	0x01D5      	CLRF       read_dth11_hum_L0
0x0244	0x01D6      	CLRF       read_dth11_hum_L0+1
0x0245	0x01D7      	CLRF       read_dth11_temp_L0
0x0246	0x01D8      	CLRF       read_dth11_temp_L0+1
0x0247	0x300A      	MOVLW      10
0x0248	0x00D9      	MOVWF      read_dth11_base_L0
0x0249	0x3000      	MOVLW      0
0x024A	0x00DA      	MOVWF      read_dth11_base_L0+1
;incubadora_iot.c,75 :: 		temperatura=0;
0x024B	0x1283      	BCF        STATUS, 5
0x024C	0x01CE      	CLRF       _temperatura
;incubadora_iot.c,76 :: 		humedad=0;
0x024D	0x01CD      	CLRF       _humedad
;incubadora_iot.c,80 :: 		PIN_SENSOR_Direction=0;  //rb0 de salida
0x024E	0x1683      	BSF        STATUS, 5
0x024F	0x1008      	BCF        TRISD0_bit, BitPos(TRISD0_bit+0)
;incubadora_iot.c,81 :: 		PIN_SENSOR=1;  //rb0 en alto
0x0250	0x1283      	BCF        STATUS, 5
0x0251	0x1408      	BSF        RD0_bit, BitPos(RD0_bit+0)
;incubadora_iot.c,82 :: 		delay_us(20);
0x0252	0x3006      	MOVLW      6
0x0253	0x00FD      	MOVWF      R13
L_read_dth1112:
0x0254	0x0BFD      	DECFSZ     R13, 1
0x0255	0x2A54      	GOTO       L_read_dth1112
0x0256	0x0000      	NOP
;incubadora_iot.c,83 :: 		PIN_SENSOR=0;     //rbo en bajo
0x0257	0x1008      	BCF        RD0_bit, BitPos(RD0_bit+0)
;incubadora_iot.c,84 :: 		delay_ms(18);
0x0258	0x3018      	MOVLW      24
0x0259	0x00FC      	MOVWF      R12
0x025A	0x305F      	MOVLW      95
0x025B	0x00FD      	MOVWF      R13
L_read_dth1113:
0x025C	0x0BFD      	DECFSZ     R13, 1
0x025D	0x2A5C      	GOTO       L_read_dth1113
0x025E	0x0BFC      	DECFSZ     R12, 1
0x025F	0x2A5C      	GOTO       L_read_dth1113
;incubadora_iot.c,85 :: 		PIN_SENSOR=1;     //rbo en alto
0x0260	0x1408      	BSF        RD0_bit, BitPos(RD0_bit+0)
;incubadora_iot.c,86 :: 		delay_us(22);
0x0261	0x3007      	MOVLW      7
0x0262	0x00FD      	MOVWF      R13
L_read_dth1114:
0x0263	0x0BFD      	DECFSZ     R13, 1
0x0264	0x2A63      	GOTO       L_read_dth1114
;incubadora_iot.c,87 :: 		PIN_SENSOR_Direction=1; //rbo como entrada para leer la respuesta del sensor
0x0265	0x1683      	BSF        STATUS, 5
0x0266	0x1408      	BSF        TRISD0_bit, BitPos(TRISD0_bit+0)
;incubadora_iot.c,88 :: 		delay_us(10);
0x0267	0x3003      	MOVLW      3
0x0268	0x00FD      	MOVWF      R13
L_read_dth1115:
0x0269	0x0BFD      	DECFSZ     R13, 1
0x026A	0x2A69      	GOTO       L_read_dth1115
;incubadora_iot.c,89 :: 		if(PIN_SENSOR){return -1;}    //comprueba si el sensor envio un estado bajo
0x026B	0x1283      	BCF        STATUS, 5
0x026C	0x1C08      	BTFSS      RD0_bit, BitPos(RD0_bit+0)
0x026D	0x2A71      	GOTO       L_read_dth1116
0x026E	0x30FF      	MOVLW      255
0x026F	0x00F0      	MOVWF      R0
0x0270	0x2B7C      	GOTO       L_end_read_dth11
L_read_dth1116:
;incubadora_iot.c,90 :: 		delay_us(80);
0x0271	0x301A      	MOVLW      26
0x0272	0x00FD      	MOVWF      R13
L_read_dth1117:
0x0273	0x0BFD      	DECFSZ     R13, 1
0x0274	0x2A73      	GOTO       L_read_dth1117
0x0275	0x0000      	NOP
;incubadora_iot.c,91 :: 		if(PIN_SENSOR==0){return -1;}      //comprueba si el sensor envio un estado alto despues de 80ms
0x0276	0x1808      	BTFSC      RD0_bit, BitPos(RD0_bit+0)
0x0277	0x2A7B      	GOTO       L_read_dth1118
0x0278	0x30FF      	MOVLW      255
0x0279	0x00F0      	MOVWF      R0
0x027A	0x2B7C      	GOTO       L_end_read_dth11
L_read_dth1118:
;incubadora_iot.c,92 :: 		delay_us(80);
0x027B	0x301A      	MOVLW      26
0x027C	0x00FD      	MOVWF      R13
L_read_dth1119:
0x027D	0x0BFD      	DECFSZ     R13, 1
0x027E	0x2A7D      	GOTO       L_read_dth1119
0x027F	0x0000      	NOP
;incubadora_iot.c,94 :: 		for(i=0;i<5;i++){
0x0280	0x1683      	BSF        STATUS, 5
0x0281	0x01D3      	CLRF       read_dth11_i_L0
L_read_dth1120:
0x0282	0x3005      	MOVLW      5
0x0283	0x0253      	SUBWF      read_dth11_i_L0, 0
0x0284	0x1803      	BTFSC      STATUS, 0
0x0285	0x2AC4      	GOTO       L_read_dth1121
;incubadora_iot.c,95 :: 		for(j=0;j<8;j++){
0x0286	0x01D4      	CLRF       read_dth11_j_L0
L_read_dth1123:
0x0287	0x3008      	MOVLW      8
0x0288	0x0254      	SUBWF      read_dth11_j_L0, 0
0x0289	0x1803      	BTFSC      STATUS, 0
0x028A	0x2AC2      	GOTO       L_read_dth1124
;incubadora_iot.c,96 :: 		while(PIN_SENSOR==0);   //espera a que la entrada sea distinta de 0
L_read_dth1126:
0x028B	0x1283      	BCF        STATUS, 5
0x028C	0x1808      	BTFSC      RD0_bit, BitPos(RD0_bit+0)
0x028D	0x2A8F      	GOTO       L_read_dth1127
0x028E	0x2A8B      	GOTO       L_read_dth1126
L_read_dth1127:
;incubadora_iot.c,97 :: 		delay_us(30);     //espera 30 us
0x028F	0x3009      	MOVLW      9
0x0290	0x00FD      	MOVWF      R13
L_read_dth1128:
0x0291	0x0BFD      	DECFSZ     R13, 1
0x0292	0x2A91      	GOTO       L_read_dth1128
0x0293	0x0000      	NOP
0x0294	0x0000      	NOP
;incubadora_iot.c,98 :: 		if(PIN_SENSOR){    // si el pulso despues de 30us esta en alto es porque es un 1
0x0295	0x1C08      	BTFSS      RD0_bit, BitPos(RD0_bit+0)
0x0296	0x2AA8      	GOTO       L_read_dth1129
;incubadora_iot.c,99 :: 		dato[i]=(dato[i]<<1) | 0x01;   // se le agrega un 1 al bit
0x0297	0x1683      	BSF        STATUS, 5
0x0298	0x0853      	MOVF       read_dth11_i_L0, 0
0x0299	0x3ECA      	ADDLW      read_dth11_dato_L0
0x029A	0x00F3      	MOVWF      R3
0x029B	0x0873      	MOVF       R3, 0
0x029C	0x0084      	MOVWF      FSR
0x029D	0x0800      	MOVF       INDF, 0
0x029E	0x00F2      	MOVWF      R2
0x029F	0x0872      	MOVF       R2, 0
0x02A0	0x00F0      	MOVWF      R0
0x02A1	0x0DF0      	RLF        R0, 1
0x02A2	0x1070      	BCF        R0, 0
0x02A3	0x1470      	BSF        R0, 0
0x02A4	0x0873      	MOVF       R3, 0
0x02A5	0x0084      	MOVWF      FSR
0x02A6	0x0870      	MOVF       R0, 0
0x02A7	0x0080      	MOVWF      INDF
;incubadora_iot.c,100 :: 		}
L_read_dth1129:
;incubadora_iot.c,101 :: 		if(PIN_SENSOR==0){       // si el pulso despues de 30us esta en bajo es porque es un 0
0x02A8	0x1283      	BCF        STATUS, 5
0x02A9	0x1808      	BTFSC      RD0_bit, BitPos(RD0_bit+0)
0x02AA	0x2ABB      	GOTO       L_read_dth1130
;incubadora_iot.c,102 :: 		dato[i]=(dato[i]<<1);}  // se le agrega un 0 corriendo a la izquierda            }
0x02AB	0x1683      	BSF        STATUS, 5
0x02AC	0x0853      	MOVF       read_dth11_i_L0, 0
0x02AD	0x3ECA      	ADDLW      read_dth11_dato_L0
0x02AE	0x00F3      	MOVWF      R3
0x02AF	0x0873      	MOVF       R3, 0
0x02B0	0x0084      	MOVWF      FSR
0x02B1	0x0800      	MOVF       INDF, 0
0x02B2	0x00F2      	MOVWF      R2
0x02B3	0x0872      	MOVF       R2, 0
0x02B4	0x00F0      	MOVWF      R0
0x02B5	0x0DF0      	RLF        R0, 1
0x02B6	0x1070      	BCF        R0, 0
0x02B7	0x0873      	MOVF       R3, 0
0x02B8	0x0084      	MOVWF      FSR
0x02B9	0x0870      	MOVF       R0, 0
0x02BA	0x0080      	MOVWF      INDF
L_read_dth1130:
;incubadora_iot.c,103 :: 		while(PIN_SENSOR==1);
L_read_dth1131:
0x02BB	0x1283      	BCF        STATUS, 5
0x02BC	0x1C08      	BTFSS      RD0_bit, BitPos(RD0_bit+0)
0x02BD	0x2ABF      	GOTO       L_read_dth1132
0x02BE	0x2ABB      	GOTO       L_read_dth1131
L_read_dth1132:
;incubadora_iot.c,95 :: 		for(j=0;j<8;j++){
0x02BF	0x1683      	BSF        STATUS, 5
0x02C0	0x0AD4      	INCF       read_dth11_j_L0, 1
;incubadora_iot.c,104 :: 		}//fin for de 8
0x02C1	0x2A87      	GOTO       L_read_dth1123
L_read_dth1124:
;incubadora_iot.c,94 :: 		for(i=0;i<5;i++){
0x02C2	0x0AD3      	INCF       read_dth11_i_L0, 1
;incubadora_iot.c,105 :: 		}// fin for de 5
0x02C3	0x2A82      	GOTO       L_read_dth1120
L_read_dth1121:
;incubadora_iot.c,106 :: 		PIN_SENSOR_Direction=0;    //rb0 de salida
0x02C4	0x1008      	BCF        TRISD0_bit, BitPos(TRISD0_bit+0)
;incubadora_iot.c,107 :: 		PIN_SENSOR=1;     //rb0  en alto
0x02C5	0x1283      	BCF        STATUS, 5
0x02C6	0x1408      	BSF        RD0_bit, BitPos(RD0_bit+0)
;incubadora_iot.c,109 :: 		if((dato[0]+dato[1]+dato[2]+dato[3])==dato[4]){
0x02C7	0x1683      	BSF        STATUS, 5
0x02C8	0x084B      	MOVF       read_dth11_dato_L0+1, 0
0x02C9	0x074A      	ADDWF      read_dth11_dato_L0, 0
0x02CA	0x00F0      	MOVWF      R0
0x02CB	0x01F1      	CLRF       R0+1
0x02CC	0x1803      	BTFSC      STATUS, 0
0x02CD	0x0AF1      	INCF       R0+1, 1
0x02CE	0x084C      	MOVF       read_dth11_dato_L0+2, 0
0x02CF	0x07F0      	ADDWF      R0, 1
0x02D0	0x1803      	BTFSC      STATUS, 0
0x02D1	0x0AF1      	INCF       R0+1, 1
0x02D2	0x084D      	MOVF       read_dth11_dato_L0+3, 0
0x02D3	0x0770      	ADDWF      R0, 0
0x02D4	0x00F2      	MOVWF      R2
0x02D5	0x0871      	MOVF       R0+1, 0
0x02D6	0x1803      	BTFSC      STATUS, 0
0x02D7	0x3E01      	ADDLW      1
0x02D8	0x00F3      	MOVWF      R2+1
0x02D9	0x3000      	MOVLW      0
0x02DA	0x0673      	XORWF      R2+1, 0
0x02DB	0x1D03      	BTFSS      STATUS, 2
0x02DC	0x2ADF      	GOTO       L__read_dth1160
0x02DD	0x084E      	MOVF       read_dth11_dato_L0+4, 0
0x02DE	0x0672      	XORWF      R2, 0
L__read_dth1160:
0x02DF	0x1D03      	BTFSS      STATUS, 2
0x02E0	0x2B7A      	GOTO       L_read_dth1133
;incubadora_iot.c,110 :: 		hum=dato[0];
0x02E1	0x084A      	MOVF       read_dth11_dato_L0, 0
0x02E2	0x00D5      	MOVWF      read_dth11_hum_L0
0x02E3	0x01D6      	CLRF       read_dth11_hum_L0+1
;incubadora_iot.c,111 :: 		temp=dato[2];
0x02E4	0x084C      	MOVF       read_dth11_dato_L0+2, 0
0x02E5	0x00D7      	MOVWF      read_dth11_temp_L0
0x02E6	0x01D8      	CLRF       read_dth11_temp_L0+1
;incubadora_iot.c,113 :: 		base=10;
0x02E7	0x300A      	MOVLW      10
0x02E8	0x00D9      	MOVWF      read_dth11_base_L0
0x02E9	0x3000      	MOVLW      0
0x02EA	0x00DA      	MOVWF      read_dth11_base_L0+1
;incubadora_iot.c,114 :: 		for(i=0;i<2;i++){
0x02EB	0x01D3      	CLRF       read_dth11_i_L0
L_read_dth1134:
0x02EC	0x3002      	MOVLW      2
0x02ED	0x0253      	SUBWF      read_dth11_i_L0, 0
0x02EE	0x1803      	BTFSC      STATUS, 0
0x02EF	0x2B24      	GOTO       L_read_dth1135
;incubadora_iot.c,115 :: 		valor[i]=(hum/base);
0x02F0	0x0853      	MOVF       read_dth11_i_L0, 0
0x02F1	0x3ECF      	ADDLW      read_dth11_valor_L0
0x02F2	0x00DB      	MOVWF      FLOC__read_dth11
0x02F3	0x0859      	MOVF       read_dth11_base_L0, 0
0x02F4	0x00F4      	MOVWF      R4
0x02F5	0x085A      	MOVF       read_dth11_base_L0+1, 0
0x02F6	0x00F5      	MOVWF      R4+1
0x02F7	0x0855      	MOVF       read_dth11_hum_L0, 0
0x02F8	0x00F0      	MOVWF      R0
0x02F9	0x0856      	MOVF       read_dth11_hum_L0+1, 0
0x02FA	0x00F1      	MOVWF      R0+1
0x02FB	0x2090      	CALL       _Div_16X16_U
0x02FC	0x1683      	BSF        STATUS, 5
0x02FD	0x085B      	MOVF       FLOC__read_dth11, 0
0x02FE	0x0084      	MOVWF      FSR
0x02FF	0x0870      	MOVF       R0, 0
0x0300	0x0080      	MOVWF      INDF
;incubadora_iot.c,116 :: 		hum=hum-(valor[i]*base);
0x0301	0x0853      	MOVF       read_dth11_i_L0, 0
0x0302	0x3ECF      	ADDLW      read_dth11_valor_L0
0x0303	0x0084      	MOVWF      FSR
0x0304	0x0800      	MOVF       INDF, 0
0x0305	0x00F0      	MOVWF      R0
0x0306	0x3000      	MOVLW      0
0x0307	0x00F1      	MOVWF      R0+1
0x0308	0x0859      	MOVF       read_dth11_base_L0, 0
0x0309	0x00F4      	MOVWF      R4
0x030A	0x085A      	MOVF       read_dth11_base_L0+1, 0
0x030B	0x00F5      	MOVWF      R4+1
0x030C	0x20AD      	CALL       _Mul_16X16_U
0x030D	0x0870      	MOVF       R0, 0
0x030E	0x1683      	BSF        STATUS, 5
0x030F	0x02D5      	SUBWF      read_dth11_hum_L0, 1
0x0310	0x1C03      	BTFSS      STATUS, 0
0x0311	0x03D6      	DECF       read_dth11_hum_L0+1, 1
0x0312	0x0871      	MOVF       R0+1, 0
0x0313	0x02D6      	SUBWF      read_dth11_hum_L0+1, 1
;incubadora_iot.c,117 :: 		base=base/10;
0x0314	0x300A      	MOVLW      10
0x0315	0x00F4      	MOVWF      R4
0x0316	0x3000      	MOVLW      0
0x0317	0x00F5      	MOVWF      R4+1
0x0318	0x0859      	MOVF       read_dth11_base_L0, 0
0x0319	0x00F0      	MOVWF      R0
0x031A	0x085A      	MOVF       read_dth11_base_L0+1, 0
0x031B	0x00F1      	MOVWF      R0+1
0x031C	0x2090      	CALL       _Div_16X16_U
0x031D	0x0870      	MOVF       R0, 0
0x031E	0x1683      	BSF        STATUS, 5
0x031F	0x00D9      	MOVWF      read_dth11_base_L0
0x0320	0x0871      	MOVF       R0+1, 0
0x0321	0x00DA      	MOVWF      read_dth11_base_L0+1
;incubadora_iot.c,114 :: 		for(i=0;i<2;i++){
0x0322	0x0AD3      	INCF       read_dth11_i_L0, 1
;incubadora_iot.c,118 :: 		}
0x0323	0x2AEC      	GOTO       L_read_dth1134
L_read_dth1135:
;incubadora_iot.c,119 :: 		base=10;
0x0324	0x300A      	MOVLW      10
0x0325	0x00D9      	MOVWF      read_dth11_base_L0
0x0326	0x3000      	MOVLW      0
0x0327	0x00DA      	MOVWF      read_dth11_base_L0+1
;incubadora_iot.c,120 :: 		for(i=2;i<4;i++){
0x0328	0x3002      	MOVLW      2
0x0329	0x00D3      	MOVWF      read_dth11_i_L0
L_read_dth1137:
0x032A	0x3004      	MOVLW      4
0x032B	0x0253      	SUBWF      read_dth11_i_L0, 0
0x032C	0x1803      	BTFSC      STATUS, 0
0x032D	0x2B62      	GOTO       L_read_dth1138
;incubadora_iot.c,121 :: 		valor[i]=(temp/base);
0x032E	0x0853      	MOVF       read_dth11_i_L0, 0
0x032F	0x3ECF      	ADDLW      read_dth11_valor_L0
0x0330	0x00DB      	MOVWF      FLOC__read_dth11
0x0331	0x0859      	MOVF       read_dth11_base_L0, 0
0x0332	0x00F4      	MOVWF      R4
0x0333	0x085A      	MOVF       read_dth11_base_L0+1, 0
0x0334	0x00F5      	MOVWF      R4+1
0x0335	0x0857      	MOVF       read_dth11_temp_L0, 0
0x0336	0x00F0      	MOVWF      R0
0x0337	0x0858      	MOVF       read_dth11_temp_L0+1, 0
0x0338	0x00F1      	MOVWF      R0+1
0x0339	0x2090      	CALL       _Div_16X16_U
0x033A	0x1683      	BSF        STATUS, 5
0x033B	0x085B      	MOVF       FLOC__read_dth11, 0
0x033C	0x0084      	MOVWF      FSR
0x033D	0x0870      	MOVF       R0, 0
0x033E	0x0080      	MOVWF      INDF
;incubadora_iot.c,122 :: 		temp=temp-(valor[i]*base);
0x033F	0x0853      	MOVF       read_dth11_i_L0, 0
0x0340	0x3ECF      	ADDLW      read_dth11_valor_L0
0x0341	0x0084      	MOVWF      FSR
0x0342	0x0800      	MOVF       INDF, 0
0x0343	0x00F0      	MOVWF      R0
0x0344	0x3000      	MOVLW      0
0x0345	0x00F1      	MOVWF      R0+1
0x0346	0x0859      	MOVF       read_dth11_base_L0, 0
0x0347	0x00F4      	MOVWF      R4
0x0348	0x085A      	MOVF       read_dth11_base_L0+1, 0
0x0349	0x00F5      	MOVWF      R4+1
0x034A	0x20AD      	CALL       _Mul_16X16_U
0x034B	0x0870      	MOVF       R0, 0
0x034C	0x1683      	BSF        STATUS, 5
0x034D	0x02D7      	SUBWF      read_dth11_temp_L0, 1
0x034E	0x1C03      	BTFSS      STATUS, 0
0x034F	0x03D8      	DECF       read_dth11_temp_L0+1, 1
0x0350	0x0871      	MOVF       R0+1, 0
0x0351	0x02D8      	SUBWF      read_dth11_temp_L0+1, 1
;incubadora_iot.c,123 :: 		base=base/10;
0x0352	0x300A      	MOVLW      10
0x0353	0x00F4      	MOVWF      R4
0x0354	0x3000      	MOVLW      0
0x0355	0x00F5      	MOVWF      R4+1
0x0356	0x0859      	MOVF       read_dth11_base_L0, 0
0x0357	0x00F0      	MOVWF      R0
0x0358	0x085A      	MOVF       read_dth11_base_L0+1, 0
0x0359	0x00F1      	MOVWF      R0+1
0x035A	0x2090      	CALL       _Div_16X16_U
0x035B	0x0870      	MOVF       R0, 0
0x035C	0x1683      	BSF        STATUS, 5
0x035D	0x00D9      	MOVWF      read_dth11_base_L0
0x035E	0x0871      	MOVF       R0+1, 0
0x035F	0x00DA      	MOVWF      read_dth11_base_L0+1
;incubadora_iot.c,120 :: 		for(i=2;i<4;i++){
0x0360	0x0AD3      	INCF       read_dth11_i_L0, 1
;incubadora_iot.c,124 :: 		}
0x0361	0x2B2A      	GOTO       L_read_dth1137
L_read_dth1138:
;incubadora_iot.c,126 :: 		temperatura=(valor[2]*10)+valor[3];
0x0362	0x0851      	MOVF       read_dth11_valor_L0+2, 0
0x0363	0x00F0      	MOVWF      R0
0x0364	0x300A      	MOVLW      10
0x0365	0x00F4      	MOVWF      R4
0x0366	0x20D8      	CALL       _Mul_8X8_U
0x0367	0x1683      	BSF        STATUS, 5
0x0368	0x0852      	MOVF       read_dth11_valor_L0+3, 0
0x0369	0x0770      	ADDWF      R0, 0
0x036A	0x1283      	BCF        STATUS, 5
0x036B	0x00CE      	MOVWF      _temperatura
;incubadora_iot.c,127 :: 		humedad=(valor[0]*10)+valor[1];
0x036C	0x1683      	BSF        STATUS, 5
0x036D	0x084F      	MOVF       read_dth11_valor_L0, 0
0x036E	0x00F0      	MOVWF      R0
0x036F	0x300A      	MOVLW      10
0x0370	0x00F4      	MOVWF      R4
0x0371	0x20D8      	CALL       _Mul_8X8_U
0x0372	0x1683      	BSF        STATUS, 5
0x0373	0x0850      	MOVF       read_dth11_valor_L0+1, 0
0x0374	0x0770      	ADDWF      R0, 0
0x0375	0x1283      	BCF        STATUS, 5
0x0376	0x00CD      	MOVWF      _humedad
;incubadora_iot.c,128 :: 		return 1;
0x0377	0x3001      	MOVLW      1
0x0378	0x00F0      	MOVWF      R0
0x0379	0x2B7C      	GOTO       L_end_read_dth11
;incubadora_iot.c,130 :: 		}else{return -1;}
L_read_dth1133:
0x037A	0x30FF      	MOVLW      255
0x037B	0x00F0      	MOVWF      R0
;incubadora_iot.c,132 :: 		}//fin read_dht
L_end_read_dth11:
0x037C	0x0008      	RETURN
; end of _read_dth11
_buzzer:
;incubadora_iot.c,52 :: 		void buzzer(unsigned int millis,unsigned int repeticiones){
;incubadora_iot.c,53 :: 		unsigned int i=0;
0x037D	0x1683      	BSF        STATUS, 5
0x037E	0x1303      	BCF        STATUS, 6
0x037F	0x01CD      	CLRF       buzzer_i_L0
0x0380	0x01CE      	CLRF       buzzer_i_L0+1
0x0381	0x01CF      	CLRF       buzzer_u_L0
0x0382	0x01D0      	CLRF       buzzer_u_L0+1
;incubadora_iot.c,55 :: 		for(u=0;u<repeticiones;u++){
0x0383	0x01CF      	CLRF       buzzer_u_L0
0x0384	0x01D0      	CLRF       buzzer_u_L0+1
L_buzzer0:
0x0385	0x084C      	MOVF       FARG_buzzer_repeticiones+1, 0
0x0386	0x0250      	SUBWF      buzzer_u_L0+1, 0
0x0387	0x1D03      	BTFSS      STATUS, 2
0x0388	0x2B8B      	GOTO       L__buzzer56
0x0389	0x084B      	MOVF       FARG_buzzer_repeticiones, 0
0x038A	0x024F      	SUBWF      buzzer_u_L0, 0
L__buzzer56:
0x038B	0x1803      	BTFSC      STATUS, 0
0x038C	0x2BBB      	GOTO       L_buzzer1
;incubadora_iot.c,56 :: 		PIN_BUZZER=1;
0x038D	0x1283      	BCF        STATUS, 5
0x038E	0x1405      	BSF        RA0_bit, BitPos(RA0_bit+0)
;incubadora_iot.c,57 :: 		for(i=0;i<millis;i++){
0x038F	0x1683      	BSF        STATUS, 5
0x0390	0x01CD      	CLRF       buzzer_i_L0
0x0391	0x01CE      	CLRF       buzzer_i_L0+1
L_buzzer3:
0x0392	0x084A      	MOVF       FARG_buzzer_millis+1, 0
0x0393	0x024E      	SUBWF      buzzer_i_L0+1, 0
0x0394	0x1D03      	BTFSS      STATUS, 2
0x0395	0x2B98      	GOTO       L__buzzer57
0x0396	0x0849      	MOVF       FARG_buzzer_millis, 0
0x0397	0x024D      	SUBWF      buzzer_i_L0, 0
L__buzzer57:
0x0398	0x1803      	BTFSC      STATUS, 0
0x0399	0x2BA6      	GOTO       L_buzzer4
;incubadora_iot.c,58 :: 		Delay_ms(1);
0x039A	0x3002      	MOVLW      2
0x039B	0x00FC      	MOVWF      R12
0x039C	0x304B      	MOVLW      75
0x039D	0x00FD      	MOVWF      R13
L_buzzer6:
0x039E	0x0BFD      	DECFSZ     R13, 1
0x039F	0x2B9E      	GOTO       L_buzzer6
0x03A0	0x0BFC      	DECFSZ     R12, 1
0x03A1	0x2B9E      	GOTO       L_buzzer6
;incubadora_iot.c,57 :: 		for(i=0;i<millis;i++){
0x03A2	0x0ACD      	INCF       buzzer_i_L0, 1
0x03A3	0x1903      	BTFSC      STATUS, 2
0x03A4	0x0ACE      	INCF       buzzer_i_L0+1, 1
;incubadora_iot.c,59 :: 		}
0x03A5	0x2B92      	GOTO       L_buzzer3
L_buzzer4:
;incubadora_iot.c,60 :: 		PIN_BUZZER=0;
0x03A6	0x1283      	BCF        STATUS, 5
0x03A7	0x1005      	BCF        RA0_bit, BitPos(RA0_bit+0)
;incubadora_iot.c,61 :: 		for(i=0;i<millis;i++){
0x03A8	0x1683      	BSF        STATUS, 5
0x03A9	0x01CD      	CLRF       buzzer_i_L0
0x03AA	0x01CE      	CLRF       buzzer_i_L0+1
L_buzzer7:
0x03AB	0x084A      	MOVF       FARG_buzzer_millis+1, 0
0x03AC	0x024E      	SUBWF      buzzer_i_L0+1, 0
0x03AD	0x1D03      	BTFSS      STATUS, 2
0x03AE	0x2BB1      	GOTO       L__buzzer58
0x03AF	0x0849      	MOVF       FARG_buzzer_millis, 0
0x03B0	0x024D      	SUBWF      buzzer_i_L0, 0
L__buzzer58:
0x03B1	0x1803      	BTFSC      STATUS, 0
0x03B2	0x2BB7      	GOTO       L_buzzer8
0x03B3	0x0ACD      	INCF       buzzer_i_L0, 1
0x03B4	0x1903      	BTFSC      STATUS, 2
0x03B5	0x0ACE      	INCF       buzzer_i_L0+1, 1
;incubadora_iot.c,62 :: 		}
0x03B6	0x2BAB      	GOTO       L_buzzer7
L_buzzer8:
;incubadora_iot.c,55 :: 		for(u=0;u<repeticiones;u++){
0x03B7	0x0ACF      	INCF       buzzer_u_L0, 1
0x03B8	0x1903      	BTFSC      STATUS, 2
0x03B9	0x0AD0      	INCF       buzzer_u_L0+1, 1
;incubadora_iot.c,63 :: 		}
0x03BA	0x2B85      	GOTO       L_buzzer0
L_buzzer1:
;incubadora_iot.c,64 :: 		}//fin buzzer
L_end_buzzer:
0x03BB	0x0008      	RETURN
; end of _buzzer
_Lcd_Init:
;__Lib_Lcd.c,84 :: 		
;__Lib_Lcd.c,86 :: 		
0x03BC	0x1683      	BSF        STATUS, 5
0x03BD	0x1303      	BCF        STATUS, 6
0x03BE	0x1286      	BCF        LCD_EN_Direction, BitPos(LCD_EN_Direction+0)
;__Lib_Lcd.c,87 :: 		
0x03BF	0x1206      	BCF        LCD_RS_Direction, BitPos(LCD_RS_Direction+0)
;__Lib_Lcd.c,88 :: 		
0x03C0	0x1006      	BCF        LCD_D4_Direction, BitPos(LCD_D4_Direction+0)
;__Lib_Lcd.c,89 :: 		
0x03C1	0x1086      	BCF        LCD_D5_Direction, BitPos(LCD_D5_Direction+0)
;__Lib_Lcd.c,90 :: 		
0x03C2	0x1106      	BCF        LCD_D6_Direction, BitPos(LCD_D6_Direction+0)
;__Lib_Lcd.c,91 :: 		
0x03C3	0x1186      	BCF        LCD_D7_Direction, BitPos(LCD_D7_Direction+0)
;__Lib_Lcd.c,93 :: 		
0x03C4	0x1283      	BCF        STATUS, 5
0x03C5	0x1286      	BCF        LCD_EN, BitPos(LCD_EN+0)
;__Lib_Lcd.c,94 :: 		
0x03C6	0x1206      	BCF        LCD_RS, BitPos(LCD_RS+0)
;__Lib_Lcd.c,95 :: 		
0x03C7	0x1186      	BCF        LCD_D7, BitPos(LCD_D7+0)
;__Lib_Lcd.c,96 :: 		
0x03C8	0x1106      	BCF        LCD_D6, BitPos(LCD_D6+0)
;__Lib_Lcd.c,97 :: 		
0x03C9	0x1086      	BCF        LCD_D5, BitPos(LCD_D5+0)
;__Lib_Lcd.c,98 :: 		
0x03CA	0x1006      	BCF        LCD_D4, BitPos(LCD_D4+0)
;__Lib_Lcd.c,100 :: 		
0x03CB	0x200D      	CALL       _Delay_5500us
;__Lib_Lcd.c,101 :: 		
0x03CC	0x200D      	CALL       _Delay_5500us
;__Lib_Lcd.c,102 :: 		
0x03CD	0x200D      	CALL       _Delay_5500us
;__Lib_Lcd.c,105 :: 		
0x03CE	0x1486      	BSF        LCD_D5, BitPos(LCD_D5+0)
;__Lib_Lcd.c,106 :: 		
0x03CF	0x1406      	BSF        LCD_D4, BitPos(LCD_D4+0)
;__Lib_Lcd.c,107 :: 		
0x03D0	0x1686      	BSF        LCD_EN, BitPos(LCD_EN+0)
;__Lib_Lcd.c,108 :: 		
0x03D1	0x200B      	CALL       _Delay_1us
;__Lib_Lcd.c,109 :: 		
0x03D2	0x1286      	BCF        LCD_EN, BitPos(LCD_EN+0)
;__Lib_Lcd.c,110 :: 		
0x03D3	0x200D      	CALL       _Delay_5500us
;__Lib_Lcd.c,112 :: 		
0x03D4	0x1686      	BSF        LCD_EN, BitPos(LCD_EN+0)
;__Lib_Lcd.c,113 :: 		
0x03D5	0x200B      	CALL       _Delay_1us
;__Lib_Lcd.c,114 :: 		
0x03D6	0x1286      	BCF        LCD_EN, BitPos(LCD_EN+0)
;__Lib_Lcd.c,115 :: 		
0x03D7	0x200D      	CALL       _Delay_5500us
;__Lib_Lcd.c,117 :: 		
0x03D8	0x1686      	BSF        LCD_EN, BitPos(LCD_EN+0)
;__Lib_Lcd.c,118 :: 		
0x03D9	0x200B      	CALL       _Delay_1us
;__Lib_Lcd.c,119 :: 		
0x03DA	0x1286      	BCF        LCD_EN, BitPos(LCD_EN+0)
;__Lib_Lcd.c,120 :: 		
0x03DB	0x200D      	CALL       _Delay_5500us
;__Lib_Lcd.c,123 :: 		
0x03DC	0x1006      	BCF        LCD_D4, BitPos(LCD_D4+0)
;__Lib_Lcd.c,124 :: 		
0x03DD	0x1686      	BSF        LCD_EN, BitPos(LCD_EN+0)
;__Lib_Lcd.c,125 :: 		
0x03DE	0x200B      	CALL       _Delay_1us
;__Lib_Lcd.c,126 :: 		
0x03DF	0x1286      	BCF        LCD_EN, BitPos(LCD_EN+0)
;__Lib_Lcd.c,127 :: 		
0x03E0	0x200D      	CALL       _Delay_5500us
;__Lib_Lcd.c,130 :: 		
0x03E1	0x1686      	BSF        LCD_EN, BitPos(LCD_EN+0)
;__Lib_Lcd.c,131 :: 		
0x03E2	0x200B      	CALL       _Delay_1us
;__Lib_Lcd.c,132 :: 		
0x03E3	0x1286      	BCF        LCD_EN, BitPos(LCD_EN+0)
;__Lib_Lcd.c,134 :: 		
0x03E4	0x1086      	BCF        LCD_D5, BitPos(LCD_D5+0)
;__Lib_Lcd.c,135 :: 		
0x03E5	0x1586      	BSF        LCD_D7, BitPos(LCD_D7+0)
;__Lib_Lcd.c,136 :: 		
0x03E6	0x1686      	BSF        LCD_EN, BitPos(LCD_EN+0)
;__Lib_Lcd.c,137 :: 		
0x03E7	0x200B      	CALL       _Delay_1us
;__Lib_Lcd.c,138 :: 		
0x03E8	0x1286      	BCF        LCD_EN, BitPos(LCD_EN+0)
;__Lib_Lcd.c,139 :: 		
0x03E9	0x200D      	CALL       _Delay_5500us
;__Lib_Lcd.c,142 :: 		
0x03EA	0x1186      	BCF        LCD_D7, BitPos(LCD_D7+0)
;__Lib_Lcd.c,143 :: 		
0x03EB	0x1406      	BSF        LCD_D4, BitPos(LCD_D4+0)
;__Lib_Lcd.c,144 :: 		
0x03EC	0x1686      	BSF        LCD_EN, BitPos(LCD_EN+0)
;__Lib_Lcd.c,145 :: 		
0x03ED	0x200B      	CALL       _Delay_1us
;__Lib_Lcd.c,146 :: 		
0x03EE	0x1286      	BCF        LCD_EN, BitPos(LCD_EN+0)
;__Lib_Lcd.c,148 :: 		
0x03EF	0x1006      	BCF        LCD_D4, BitPos(LCD_D4+0)
;__Lib_Lcd.c,149 :: 		
0x03F0	0x1686      	BSF        LCD_EN, BitPos(LCD_EN+0)
;__Lib_Lcd.c,150 :: 		
0x03F1	0x200B      	CALL       _Delay_1us
;__Lib_Lcd.c,151 :: 		
0x03F2	0x1286      	BCF        LCD_EN, BitPos(LCD_EN+0)
;__Lib_Lcd.c,152 :: 		
0x03F3	0x200D      	CALL       _Delay_5500us
;__Lib_Lcd.c,155 :: 		
0x03F4	0x1686      	BSF        LCD_EN, BitPos(LCD_EN+0)
;__Lib_Lcd.c,156 :: 		
0x03F5	0x200B      	CALL       _Delay_1us
;__Lib_Lcd.c,157 :: 		
0x03F6	0x1286      	BCF        LCD_EN, BitPos(LCD_EN+0)
;__Lib_Lcd.c,159 :: 		
0x03F7	0x1406      	BSF        LCD_D4, BitPos(LCD_D4+0)
;__Lib_Lcd.c,160 :: 		
0x03F8	0x1686      	BSF        LCD_EN, BitPos(LCD_EN+0)
;__Lib_Lcd.c,161 :: 		
0x03F9	0x200B      	CALL       _Delay_1us
;__Lib_Lcd.c,162 :: 		
0x03FA	0x1286      	BCF        LCD_EN, BitPos(LCD_EN+0)
;__Lib_Lcd.c,163 :: 		
0x03FB	0x200D      	CALL       _Delay_5500us
;__Lib_Lcd.c,166 :: 		
0x03FC	0x1006      	BCF        LCD_D4, BitPos(LCD_D4+0)
;__Lib_Lcd.c,167 :: 		
0x03FD	0x1686      	BSF        LCD_EN, BitPos(LCD_EN+0)
;__Lib_Lcd.c,168 :: 		
0x03FE	0x200B      	CALL       _Delay_1us
;__Lib_Lcd.c,169 :: 		
0x03FF	0x1286      	BCF        LCD_EN, BitPos(LCD_EN+0)
;__Lib_Lcd.c,171 :: 		
0x0400	0x1586      	BSF        LCD_D7, BitPos(LCD_D7+0)
;__Lib_Lcd.c,172 :: 		
0x0401	0x1506      	BSF        LCD_D6, BitPos(LCD_D6+0)
;__Lib_Lcd.c,173 :: 		
0x0402	0x1486      	BSF        LCD_D5, BitPos(LCD_D5+0)
;__Lib_Lcd.c,174 :: 		
0x0403	0x1406      	BSF        LCD_D4, BitPos(LCD_D4+0)
;__Lib_Lcd.c,175 :: 		
0x0404	0x1686      	BSF        LCD_EN, BitPos(LCD_EN+0)
;__Lib_Lcd.c,176 :: 		
0x0405	0x200B      	CALL       _Delay_1us
;__Lib_Lcd.c,177 :: 		
0x0406	0x1286      	BCF        LCD_EN, BitPos(LCD_EN+0)
;__Lib_Lcd.c,179 :: 		
0x0407	0x200D      	CALL       _Delay_5500us
;__Lib_Lcd.c,181 :: 		
0x0408	0x1683      	BSF        STATUS, 5
0x0409	0x1448      	BSF        __Lib_Lcd_cmd_status, BitPos(__Lib_Lcd_cmd_status+0)
;__Lib_Lcd.c,182 :: 		
L_end_Lcd_Init:
0x040A	0x0008      	RETURN
; end of _Lcd_Init
___CC2DW:
;__Lib_System.c,134 :: 		
;__Lib_System.c,137 :: 		
_CC2D_Loop1:
;__Lib_System.c,139 :: 		
0x040B	0x2166      	CALL       _____DoICP
0x040C	0x118A      	BCF        PCLATH, 3
0x040D	0x120A      	BCF        PCLATH, 4
;__Lib_System.c,141 :: 		
0x040E	0x0080      	MOVWF      INDF
;__Lib_System.c,142 :: 		
0x040F	0x0A84      	INCF       FSR, 1
;__Lib_System.c,143 :: 		
0x0410	0x0AC6      	INCF       ___DoICPAddr, 1
;__Lib_System.c,145 :: 		
0x0411	0x1903      	BTFSC      STATUS, 2
;__Lib_System.c,146 :: 		
0x0412	0x0AC7      	INCF       ___DoICPAddr+1, 1
;__Lib_System.c,147 :: 		
0x0413	0x03F0      	DECF       R0, 1
;__Lib_System.c,149 :: 		
0x0414	0x1D03      	BTFSS      STATUS, 2
;__Lib_System.c,150 :: 		
0x0415	0x2C0B      	GOTO       _CC2D_Loop1
;__Lib_System.c,152 :: 		
L_end___CC2DW:
0x0416	0x0008      	RETURN
; end of ___CC2DW
_main:
0x0417	0x24CE      	CALL       1230
;incubadora_iot.c,185 :: 		void main() {
;incubadora_iot.c,186 :: 		ANSEL =0X00;
0x0418	0x1683      	BSF        STATUS, 5
0x0419	0x1703      	BSF        STATUS, 6
0x041A	0x0188      	CLRF       ANSEL
;incubadora_iot.c,187 :: 		ANSELH = 0X00;
0x041B	0x0189      	CLRF       ANSELH
;incubadora_iot.c,188 :: 		TRISD=0XE0;
0x041C	0x30E0      	MOVLW      224
0x041D	0x1303      	BCF        STATUS, 6
0x041E	0x0088      	MOVWF      TRISD
;incubadora_iot.c,189 :: 		TRISA=0X00;
0x041F	0x0185      	CLRF       TRISA
;incubadora_iot.c,190 :: 		PORTA=0X00;
0x0420	0x1283      	BCF        STATUS, 5
0x0421	0x0185      	CLRF       PORTA
;incubadora_iot.c,191 :: 		PORTD=0x01;
0x0422	0x3001      	MOVLW      1
0x0423	0x0088      	MOVWF      PORTD
;incubadora_iot.c,192 :: 		Lcd_Init();
0x0424	0x23BC      	CALL       _Lcd_Init
;incubadora_iot.c,193 :: 		Lcd_Cmd(_LCD_CURSOR_OFF);
0x0425	0x300C      	MOVLW      12
0x0426	0x00E1      	MOVWF      FARG_Lcd_Cmd_out_char
0x0427	0x2018      	CALL       _Lcd_Cmd
;incubadora_iot.c,196 :: 		while(1){
L_main50:
;incubadora_iot.c,198 :: 		if(read_dth11(1)==1){
0x0428	0x3001      	MOVLW      1
0x0429	0x1683      	BSF        STATUS, 5
0x042A	0x00C9      	MOVWF      FARG_read_dth11_sensor
0x042B	0x223F      	CALL       _read_dth11
0x042C	0x1283      	BCF        STATUS, 5
0x042D	0x1303      	BCF        STATUS, 6
0x042E	0x0870      	MOVF       R0, 0
0x042F	0x3A01      	XORLW      1
0x0430	0x1D03      	BTFSS      STATUS, 2
0x0431	0x2C37      	GOTO       L_main52
;incubadora_iot.c,199 :: 		lcd_Print('I');
0x0432	0x3049      	MOVLW      73
0x0433	0x1683      	BSF        STATUS, 5
0x0434	0x00C9      	MOVWF      FARG_lcd_Print_screen
0x0435	0x216D      	CALL       _lcd_Print
;incubadora_iot.c,200 :: 		}else {
0x0436	0x2C51      	GOTO       L_main53
L_main52:
0x0437	0x1683      	BSF        STATUS, 5
;incubadora_iot.c,201 :: 		lcd_Print('E');
0x0438	0x3045      	MOVLW      69
0x0439	0x00C9      	MOVWF      FARG_lcd_Print_screen
0x043A	0x216D      	CALL       _lcd_Print
;incubadora_iot.c,202 :: 		buzzer(200,3);
0x043B	0x30C8      	MOVLW      200
0x043C	0x00C9      	MOVWF      FARG_buzzer_millis
0x043D	0x01CA      	CLRF       FARG_buzzer_millis+1
0x043E	0x3003      	MOVLW      3
0x043F	0x00CB      	MOVWF      FARG_buzzer_repeticiones
0x0440	0x3000      	MOVLW      0
0x0441	0x00CC      	MOVWF      FARG_buzzer_repeticiones+1
0x0442	0x237D      	CALL       _buzzer
;incubadora_iot.c,203 :: 		delay_ms(500);
0x0443	0x3003      	MOVLW      3
0x0444	0x00FB      	MOVWF      R11
0x0445	0x308A      	MOVLW      138
0x0446	0x00FC      	MOVWF      R12
0x0447	0x3055      	MOVLW      85
0x0448	0x00FD      	MOVWF      R13
L_main54:
0x0449	0x0BFD      	DECFSZ     R13, 1
0x044A	0x2C49      	GOTO       L_main54
0x044B	0x0BFC      	DECFSZ     R12, 1
0x044C	0x2C49      	GOTO       L_main54
0x044D	0x0BFB      	DECFSZ     R11, 1
0x044E	0x2C49      	GOTO       L_main54
0x044F	0x0000      	NOP
0x0450	0x0000      	NOP
;incubadora_iot.c,204 :: 		}
L_main53:
;incubadora_iot.c,211 :: 		} //fin while
0x0451	0x2C28      	GOTO       L_main50
;incubadora_iot.c,212 :: 		}//fin main
L_end_main:
0x0452	0x2C52      	GOTO       $+0
; end of _main
0x04CE	0x3020      	MOVLW      32
0x04CF	0x0084      	MOVWF      FSR
0x04D0	0x304E      	MOVLW      78
0x04D1	0x1283      	BCF        STATUS, 5
0x04D2	0x1303      	BCF        STATUS, 6
0x04D3	0x00F0      	MOVWF      R0
0x04D4	0x3058      	MOVLW      88
0x04D5	0x1683      	BSF        STATUS, 5
0x04D6	0x00C6      	MOVWF      ___DoICPAddr
0x04D7	0x3004      	MOVLW      4
0x04D8	0x00C7      	MOVWF      199
0x04D9	0x240B      	CALL       1035
0x04DA	0x30A0      	MOVLW      160
0x04DB	0x0084      	MOVWF      FSR
0x04DC	0x3005      	MOVLW      5
0x04DD	0x1283      	BCF        STATUS, 5
0x04DE	0x1303      	BCF        STATUS, 6
0x04DF	0x00F0      	MOVWF      R0
0x04E0	0x30C7      	MOVLW      199
0x04E1	0x1683      	BSF        STATUS, 5
0x04E2	0x00C6      	MOVWF      ___DoICPAddr
0x04E3	0x3004      	MOVLW      4
0x04E4	0x00C7      	MOVWF      199
0x04E5	0x240B      	CALL       1035
0x04E6	0x306E      	MOVLW      110
0x04E7	0x0084      	MOVWF      FSR
0x04E8	0x3002      	MOVLW      2
0x04E9	0x1283      	BCF        STATUS, 5
0x04EA	0x1303      	BCF        STATUS, 6
0x04EB	0x00F0      	MOVWF      R0
0x04EC	0x30CC      	MOVLW      204
0x04ED	0x1683      	BSF        STATUS, 5
0x04EE	0x00C6      	MOVWF      ___DoICPAddr
0x04EF	0x3004      	MOVLW      4
0x04F0	0x00C7      	MOVWF      199
0x04F1	0x240B      	CALL       1035
0x04F2	0x30A5      	MOVLW      165
0x04F3	0x0084      	MOVWF      FSR
0x04F4	0x3021      	MOVLW      33
0x04F5	0x1283      	BCF        STATUS, 5
0x04F6	0x1303      	BCF        STATUS, 6
0x04F7	0x00F0      	MOVWF      R0
0x04F8	0x30A6      	MOVLW      166
0x04F9	0x1683      	BSF        STATUS, 5
0x04FA	0x00C6      	MOVWF      ___DoICPAddr
0x04FB	0x3004      	MOVLW      4
0x04FC	0x00C7      	MOVWF      199
0x04FD	0x240B      	CALL       1035
0x04FE	0x0008      	RETURN
;incubadora_iot.c,0 :: ?ICS?lstr3_incubadora_iot
0x0458	0x3443 ;?ICS?lstr3_incubadora_iot+0
0x0459	0x3400 ;?ICS?lstr3_incubadora_iot+1
; end of ?ICS?lstr3_incubadora_iot
;incubadora_iot.c,0 :: ?ICS?lstr2_incubadora_iot
0x045A	0x3448 ;?ICS?lstr2_incubadora_iot+0
0x045B	0x3455 ;?ICS?lstr2_incubadora_iot+1
0x045C	0x344D ;?ICS?lstr2_incubadora_iot+2
0x045D	0x3445 ;?ICS?lstr2_incubadora_iot+3
0x045E	0x3444 ;?ICS?lstr2_incubadora_iot+4
0x045F	0x3441 ;?ICS?lstr2_incubadora_iot+5
0x0460	0x3444 ;?ICS?lstr2_incubadora_iot+6
0x0461	0x343A ;?ICS?lstr2_incubadora_iot+7
0x0462	0x3400 ;?ICS?lstr2_incubadora_iot+8
; end of ?ICS?lstr2_incubadora_iot
;incubadora_iot.c,0 :: ?ICS?lstr1_incubadora_iot
0x0463	0x3454 ;?ICS?lstr1_incubadora_iot+0
0x0464	0x3445 ;?ICS?lstr1_incubadora_iot+1
0x0465	0x344D ;?ICS?lstr1_incubadora_iot+2
0x0466	0x3450 ;?ICS?lstr1_incubadora_iot+3
0x0467	0x3445 ;?ICS?lstr1_incubadora_iot+4
0x0468	0x3452 ;?ICS?lstr1_incubadora_iot+5
0x0469	0x3441 ;?ICS?lstr1_incubadora_iot+6
0x046A	0x3454 ;?ICS?lstr1_incubadora_iot+7
0x046B	0x3455 ;?ICS?lstr1_incubadora_iot+8
0x046C	0x3452 ;?ICS?lstr1_incubadora_iot+9
0x046D	0x3441 ;?ICS?lstr1_incubadora_iot+10
0x046E	0x343A ;?ICS?lstr1_incubadora_iot+11
0x046F	0x3400 ;?ICS?lstr1_incubadora_iot+12
; end of ?ICS?lstr1_incubadora_iot
;incubadora_iot.c,0 :: ?ICS?lstr6_incubadora_iot
0x0470	0x3445 ;?ICS?lstr6_incubadora_iot+0
0x0471	0x3452 ;?ICS?lstr6_incubadora_iot+1
0x0472	0x3452 ;?ICS?lstr6_incubadora_iot+2
0x0473	0x344F ;?ICS?lstr6_incubadora_iot+3
0x0474	0x3452 ;?ICS?lstr6_incubadora_iot+4
0x0475	0x3420 ;?ICS?lstr6_incubadora_iot+5
0x0476	0x3445 ;?ICS?lstr6_incubadora_iot+6
0x0477	0x344E ;?ICS?lstr6_incubadora_iot+7
0x0478	0x3420 ;?ICS?lstr6_incubadora_iot+8
0x0479	0x3444 ;?ICS?lstr6_incubadora_iot+9
0x047A	0x3448 ;?ICS?lstr6_incubadora_iot+10
0x047B	0x3454 ;?ICS?lstr6_incubadora_iot+11
0x047C	0x3431 ;?ICS?lstr6_incubadora_iot+12
0x047D	0x3431 ;?ICS?lstr6_incubadora_iot+13
0x047E	0x3400 ;?ICS?lstr6_incubadora_iot+14
; end of ?ICS?lstr6_incubadora_iot
;incubadora_iot.c,0 :: ?ICS?lstr5_incubadora_iot
0x047F	0x345B ;?ICS?lstr5_incubadora_iot+0
0x0480	0x3458 ;?ICS?lstr5_incubadora_iot+1
0x0481	0x345D ;?ICS?lstr5_incubadora_iot+2
0x0482	0x3400 ;?ICS?lstr5_incubadora_iot+3
; end of ?ICS?lstr5_incubadora_iot
;incubadora_iot.c,0 :: ?ICS?lstr4_incubadora_iot
0x0483	0x3425 ;?ICS?lstr4_incubadora_iot+0
0x0484	0x3400 ;?ICS?lstr4_incubadora_iot+1
; end of ?ICS?lstr4_incubadora_iot
;incubadora_iot.c,0 :: ?ICS_humedad
0x0485	0x3400 ;?ICS_humedad+0
; end of ?ICS_humedad
;incubadora_iot.c,0 :: ?ICS_temperatura
0x0486	0x3400 ;?ICS_temperatura+0
; end of ?ICS_temperatura
;incubadora_iot.c,0 :: ?ICS?lstr7_incubadora_iot
0x0487	0x3443 ;?ICS?lstr7_incubadora_iot+0
0x0488	0x344F ;?ICS?lstr7_incubadora_iot+1
0x0489	0x344E ;?ICS?lstr7_incubadora_iot+2
0x048A	0x3446 ;?ICS?lstr7_incubadora_iot+3
0x048B	0x3449 ;?ICS?lstr7_incubadora_iot+4
0x048C	0x3447 ;?ICS?lstr7_incubadora_iot+5
0x048D	0x3455 ;?ICS?lstr7_incubadora_iot+6
0x048E	0x3452 ;?ICS?lstr7_incubadora_iot+7
0x048F	0x3441 ;?ICS?lstr7_incubadora_iot+8
0x0490	0x3443 ;?ICS?lstr7_incubadora_iot+9
0x0491	0x3449 ;?ICS?lstr7_incubadora_iot+10
0x0492	0x344F ;?ICS?lstr7_incubadora_iot+11
0x0493	0x344E ;?ICS?lstr7_incubadora_iot+12
0x0494	0x3400 ;?ICS?lstr7_incubadora_iot+13
; end of ?ICS?lstr7_incubadora_iot
;incubadora_iot.c,0 :: ?ICS?lstr15_incubadora_iot
0x0495	0x3445 ;?ICS?lstr15_incubadora_iot+0
0x0496	0x3452 ;?ICS?lstr15_incubadora_iot+1
0x0497	0x3452 ;?ICS?lstr15_incubadora_iot+2
0x0498	0x344F ;?ICS?lstr15_incubadora_iot+3
0x0499	0x3452 ;?ICS?lstr15_incubadora_iot+4
0x049A	0x3420 ;?ICS?lstr15_incubadora_iot+5
0x049B	0x3445 ;?ICS?lstr15_incubadora_iot+6
0x049C	0x344E ;?ICS?lstr15_incubadora_iot+7
0x049D	0x3420 ;?ICS?lstr15_incubadora_iot+8
0x049E	0x3444 ;?ICS?lstr15_incubadora_iot+9
0x049F	0x3448 ;?ICS?lstr15_incubadora_iot+10
0x04A0	0x3454 ;?ICS?lstr15_incubadora_iot+11
0x04A1	0x3431 ;?ICS?lstr15_incubadora_iot+12
0x04A2	0x3431 ;?ICS?lstr15_incubadora_iot+13
0x04A3	0x3400 ;?ICS?lstr15_incubadora_iot+14
; end of ?ICS?lstr15_incubadora_iot
;incubadora_iot.c,0 :: ?ICS?lstr14_incubadora_iot
0x04A4	0x3400 ;?ICS?lstr14_incubadora_iot+0
; end of ?ICS?lstr14_incubadora_iot
;incubadora_iot.c,0 :: ?ICS_stpointH
0x04A5	0x3400 ;?ICS_stpointH+0
; end of ?ICS_stpointH
;incubadora_iot.c,0 :: ?ICS?lstr10_incubadora_iot
0x04A6	0x3443 ;?ICS?lstr10_incubadora_iot+0
0x04A7	0x3400 ;?ICS?lstr10_incubadora_iot+1
; end of ?ICS?lstr10_incubadora_iot
;incubadora_iot.c,0 :: ?ICS?lstr9_incubadora_iot
0x04A8	0x343C ;?ICS?lstr9_incubadora_iot+0
0x04A9	0x343E ;?ICS?lstr9_incubadora_iot+1
0x04AA	0x3400 ;?ICS?lstr9_incubadora_iot+2
; end of ?ICS?lstr9_incubadora_iot
;incubadora_iot.c,0 :: ?ICS?lstr8_incubadora_iot
0x04AB	0x342D ;?ICS?lstr8_incubadora_iot+0
0x04AC	0x3454 ;?ICS?lstr8_incubadora_iot+1
0x04AD	0x3445 ;?ICS?lstr8_incubadora_iot+2
0x04AE	0x344D ;?ICS?lstr8_incubadora_iot+3
0x04AF	0x3450 ;?ICS?lstr8_incubadora_iot+4
0x04B0	0x3445 ;?ICS?lstr8_incubadora_iot+5
0x04B1	0x3452 ;?ICS?lstr8_incubadora_iot+6
0x04B2	0x3441 ;?ICS?lstr8_incubadora_iot+7
0x04B3	0x3454 ;?ICS?lstr8_incubadora_iot+8
0x04B4	0x3455 ;?ICS?lstr8_incubadora_iot+9
0x04B5	0x3452 ;?ICS?lstr8_incubadora_iot+10
0x04B6	0x3441 ;?ICS?lstr8_incubadora_iot+11
0x04B7	0x342D ;?ICS?lstr8_incubadora_iot+12
0x04B8	0x3400 ;?ICS?lstr8_incubadora_iot+13
; end of ?ICS?lstr8_incubadora_iot
;incubadora_iot.c,0 :: ?ICS?lstr12_incubadora_iot
0x04B9	0x343C ;?ICS?lstr12_incubadora_iot+0
0x04BA	0x343E ;?ICS?lstr12_incubadora_iot+1
0x04BB	0x3400 ;?ICS?lstr12_incubadora_iot+2
; end of ?ICS?lstr12_incubadora_iot
;incubadora_iot.c,0 :: ?ICS?lstr11_incubadora_iot
0x04BC	0x342D ;?ICS?lstr11_incubadora_iot+0
0x04BD	0x3448 ;?ICS?lstr11_incubadora_iot+1
0x04BE	0x3455 ;?ICS?lstr11_incubadora_iot+2
0x04BF	0x344D ;?ICS?lstr11_incubadora_iot+3
0x04C0	0x3445 ;?ICS?lstr11_incubadora_iot+4
0x04C1	0x3444 ;?ICS?lstr11_incubadora_iot+5
0x04C2	0x3441 ;?ICS?lstr11_incubadora_iot+6
0x04C3	0x3444 ;?ICS?lstr11_incubadora_iot+7
0x04C4	0x342D ;?ICS?lstr11_incubadora_iot+8
0x04C5	0x3400 ;?ICS?lstr11_incubadora_iot+9
; end of ?ICS?lstr11_incubadora_iot
;incubadora_iot.c,0 :: ?ICS_stpointT
0x04C6	0x3400 ;?ICS_stpointT+0
; end of ?ICS_stpointT
;incubadora_iot.c,0 :: ?ICS?lstr16_incubadora_iot
0x04C7	0x344E ;?ICS?lstr16_incubadora_iot+0
0x04C8	0x3455 ;?ICS?lstr16_incubadora_iot+1
0x04C9	0x344C ;?ICS?lstr16_incubadora_iot+2
0x04CA	0x344C ;?ICS?lstr16_incubadora_iot+3
0x04CB	0x3400 ;?ICS?lstr16_incubadora_iot+4
; end of ?ICS?lstr16_incubadora_iot
;incubadora_iot.c,0 :: ?ICS?lstr13_incubadora_iot
0x04CC	0x3425 ;?ICS?lstr13_incubadora_iot+0
0x04CD	0x3400 ;?ICS?lstr13_incubadora_iot+1
; end of ?ICS?lstr13_incubadora_iot
Symbol List:
//** Routines locations **
//ADDRESS    SIZE    PROCEDURE
//----------------------------------------------
0x0003       [8]    _Delay_50us
0x000B       [2]    _Delay_1us
0x000D      [11]    _Delay_5500us
0x0018      [94]    _Lcd_Cmd
0x0076       [9]    _Lcd_Chr_CP
0x007F      [17]    _Div_8X8_U
0x0090      [29]    _Div_16X16_U
0x00AD      [43]    _Mul_16X16_U
0x00D8      [25]    _Mul_8X8_U
0x00F1      [52]    _ByteToStr
0x0125      [65]    _Lcd_Out
0x0166       [7]    _____DoICP
0x016D     [210]    _lcd_Print
0x023F     [318]    _read_dth11
0x037D      [63]    _buzzer
0x03BC      [79]    _Lcd_Init
0x040B      [12]    ___CC2DW
0x0417      [59]    _main
//** Variables locations ** 
//ADDRESS    SIZE    VARIABLE
//----------------------------------------------
0x0000       [1]    INDF
0x0002       [1]    PCL
0x0003       [1]    STATUS
0x0004       [1]    FSR
0x0005       [0]    RA0_bit
0x0005       [1]    PORTA
0x0006       [0]    LCD_D4
0x0006       [0]    LCD_EN
0x0006       [0]    RB3_bit
0x0006       [0]    RB0_bit
0x0006       [0]    RB1_bit
0x0006       [0]    RB2_bit
0x0006       [0]    LCD_RS
0x0006       [0]    LCD_D5
0x0006       [0]    RB5_bit
0x0006       [0]    LCD_D7
0x0006       [0]    LCD_D6
0x0006       [0]    RB4_bit
0x0008       [1]    PORTD
0x0008       [0]    PIN_SENSOR
0x0008       [0]    RD0_bit
0x000A       [1]    PCLATH
0x0020       [2]    ?lstr3_incubadora_iot
0x0022       [9]    ?lstr2_incubadora_iot
0x002B      [13]    ?lstr1_incubadora_iot
0x0038      [15]    ?lstr6_incubadora_iot
0x0047       [4]    ?lstr5_incubadora_iot
0x004B       [2]    ?lstr4_incubadora_iot
0x004D       [1]    _humedad
0x004E       [1]    _temperatura
0x004F      [14]    ?lstr7_incubadora_iot
0x005D      [15]    ?lstr15_incubadora_iot
0x006C       [1]    ?lstr14_incubadora_iot
0x006D       [1]    _stpointH
0x006E       [2]    ?lstr13_incubadora_iot
0x0070       [1]    R0
0x0071       [1]    R1
0x0072       [1]    R2
0x0073       [1]    R3
0x0074       [1]    R4
0x0075       [1]    R5
0x0076       [1]    R6
0x0077       [1]    R7
0x0078       [1]    R8
0x0079       [1]    R9
0x007A       [1]    R10
0x007B       [1]    R11
0x007C       [1]    R12
0x007D       [1]    R13
0x007E       [1]    R14
0x007F       [1]    R15
0x0085       [1]    TRISA
0x0086       [0]    LCD_D4_Direction
0x0086       [0]    LCD_D5_Direction
0x0086       [0]    LCD_D6_Direction
0x0086       [0]    LCD_EN_Direction
0x0086       [0]    LCD_RS_Direction
0x0086       [0]    LCD_D7_Direction
0x0086       [0]    TRISB5_bit
0x0086       [0]    TRISB4_bit
0x0086       [0]    TRISB1_bit
0x0086       [0]    TRISB0_bit
0x0086       [0]    TRISB3_bit
0x0086       [0]    TRISB2_bit
0x0088       [0]    TRISD0_bit
0x0088       [0]    PIN_SENSOR_Direction
0x0088       [1]    TRISD
0x00A0       [5]    ?lstr16_incubadora_iot
0x00A5       [2]    ?lstr10_incubadora_iot
0x00A7       [3]    ?lstr9_incubadora_iot
0x00AA      [14]    ?lstr8_incubadora_iot
0x00B8       [3]    ?lstr12_incubadora_iot
0x00BB      [10]    ?lstr11_incubadora_iot
0x00C5       [1]    _stpointT
0x00C6       [2]    ___DoICPAddr
0x00C8       [0]    __Lib_Lcd_cmd_status
0x00C9       [2]    FARG_buzzer_millis
0x00C9       [1]    FARG_read_dth11_sensor
0x00C9       [1]    FARG_lcd_Print_screen
0x00CA       [4]    lcd_Print_txtInt_L0
0x00CA       [5]    read_dth11_dato_L0
0x00CB       [2]    FARG_buzzer_repeticiones
0x00CD       [2]    buzzer_i_L0
0x00CF       [4]    read_dth11_valor_L0
0x00CF       [2]    buzzer_u_L0
0x00D3       [1]    read_dth11_i_L0
0x00D4       [1]    read_dth11_j_L0
0x00D5       [2]    read_dth11_hum_L0
0x00D7       [2]    read_dth11_temp_L0
0x00D9       [2]    read_dth11_base_L0
0x00DB       [1]    FLOC__read_dth11
0x00DC       [1]    FARG_ByteToStr_input
0x00DC       [1]    FARG_Lcd_Out_row
0x00DD       [1]    FARG_ByteToStr_output
0x00DD       [1]    FARG_Lcd_Out_column
0x00DE       [1]    ByteToStr_DigitPos_L0
0x00DE       [1]    FARG_Lcd_Out_text
0x00DF       [1]    Lcd_Out_i_L0
0x00DF       [1]    FLOC__ByteToStr
0x00E0       [1]    FARG_Lcd_Chr_CP_out_char
0x00E1       [1]    FARG_Lcd_Cmd_out_char
0x0188       [1]    ANSEL
0x0189       [1]    ANSELH
//** Constants locations ** 
//ADDRESS    SIZE    CONSTANT
//----------------------------------------------
0x0458       [2]    ?ICS?lstr3_incubadora_iot
0x045A       [9]    ?ICS?lstr2_incubadora_iot
0x0463      [13]    ?ICS?lstr1_incubadora_iot
0x0470      [15]    ?ICS?lstr6_incubadora_iot
0x047F       [4]    ?ICS?lstr5_incubadora_iot
0x0483       [2]    ?ICS?lstr4_incubadora_iot
0x0485       [1]    ?ICS_humedad
0x0486       [1]    ?ICS_temperatura
0x0487      [14]    ?ICS?lstr7_incubadora_iot
0x0495      [15]    ?ICS?lstr15_incubadora_iot
0x04A4       [1]    ?ICS?lstr14_incubadora_iot
0x04A5       [1]    ?ICS_stpointH
0x04A6       [2]    ?ICS?lstr10_incubadora_iot
0x04A8       [3]    ?ICS?lstr9_incubadora_iot
0x04AB      [14]    ?ICS?lstr8_incubadora_iot
0x04B9       [3]    ?ICS?lstr12_incubadora_iot
0x04BC      [10]    ?ICS?lstr11_incubadora_iot
0x04C6       [1]    ?ICS_stpointT
0x04C7       [5]    ?ICS?lstr16_incubadora_iot
0x04CC       [2]    ?ICS?lstr13_incubadora_iot
